[kyle@mocha python]$ pip3 install --user matplotlib
Collecting matplotlib
  Downloading matplotlib-1.5.3.tar.gz (51.6MB)
    100% |████████████████████████████████| 51.6MB 27kB/s 
    Complete output from command python setup.py egg_info:
    ============================================================================
    Edit setup.cfg to change the build options
    
    BUILDING MATPLOTLIB
                matplotlib: yes [1.5.3]
                    python: yes [3.3.6 (default, May  7 2015, 17:56:22)  [GCC
                            4.4.7 20120313 (Red Hat 4.4.7-11)]]
                  platform: yes [linux]
    
    REQUIRED DEPENDENCIES AND EXTENSIONS
                     numpy: yes [not found. pip may install it below.]
                  dateutil: yes [dateutil was not found. It is required for date
                            axis support. pip/easy_install may attempt to
                            install it after matplotlib.]
                      pytz: yes [pytz was not found. pip will attempt to install
                            it after matplotlib.]
                    cycler: yes [cycler was not found. pip will attempt to
                            install it after matplotlib.]
                   tornado: yes [tornado was not found. It is required for the
                            WebAgg backend. pip/easy_install may attempt to
                            install it after matplotlib.]
                 pyparsing: yes [pyparsing was not found. It is required for
                            mathtext support. pip/easy_install may attempt to
                            install it after matplotlib.]
                    libagg: yes [pkg-config information for 'libagg' could not
                            be found. Using local copy.]
                  freetype: yes [version 2.3.11]
                       png: yes [version 1.2.49]
                     qhull: yes [pkg-config information for 'qhull' could not be
                            found. Using local copy.]
    
    OPTIONAL SUBPACKAGES
               sample_data: yes [installing]
                  toolkits: yes [installing]
                     tests: yes [nose 0.11.1 or later is required to run the
                            matplotlib test suite. Please install it with pip or
                            your preferred tool to run the test suite / using
                            unittest.mock]
            toolkits_tests: yes [nose 0.11.1 or later is required to run the
                            matplotlib test suite. Please install it with pip or
                            your preferred tool to run the test suite / using
                            unittest.mock]
    
    OPTIONAL BACKEND EXTENSIONS
                    macosx: no  [Mac OS-X only]
                    qt5agg: no  [PyQt5 not found]
                    qt4agg: no  [PySide not found; PyQt4 not found]
                   gtk3agg: no  [Requires pygobject to be installed.]
    /bin/sh: svnversion: command not found
    /bin/sh: svnversion: command not found
    _configtest.c:1: warning: conflicting types for built-in function ‘exp’
    _configtest.o: In function `main':
    /tmp/easy_install-8bg6jz/numpy-1.11.2rc1/_configtest.c:6: undefined reference to `exp'
    collect2: ld returned 1 exit status
    _configtest.c:1: warning: conflicting types for built-in function ‘exp’
    _configtest.c: In function ‘main’:
    _configtest.c:7: error: ‘SIZEOF_LONGDOUBLE’ undeclared (first use in this function)
    _configtest.c:7: error: (Each undeclared identifier is reported only once
    _configtest.c:7: error: for each function it appears in.)
    _configtest.c:1: warning: conflicting types for built-in function ‘exp’
    _configtest.o: In function `main':
    /tmp/easy_install-8bg6jz/numpy-1.11.2rc1/_configtest.c:6: undefined reference to `exp'
    collect2: ld returned 1 exit status
    _configtest.c:1: warning: conflicting types for built-in function ‘exp’
    _configtest.c:1: warning: conflicting types for built-in function ‘exp’
    _configtest.c:2: warning: conflicting types for built-in function ‘acos’
    _configtest.c:3: warning: conflicting types for built-in function ‘tan’
    _configtest.c:4: warning: conflicting types for built-in function ‘fmod’
    _configtest.c:5: warning: conflicting types for built-in function ‘ceil’
    _configtest.c:6: warning: conflicting types for built-in function ‘atan’
    _configtest.c:7: warning: conflicting types for built-in function ‘sin’
    _configtest.c:8: warning: conflicting types for built-in function ‘cos’
    _configtest.c:9: warning: conflicting types for built-in function ‘log10’
    _configtest.c:10: warning: conflicting types for built-in function ‘cosh’
    _configtest.c:11: warning: conflicting types for built-in function ‘fabs’
    _configtest.c:12: warning: conflicting types for built-in function ‘log’
    _configtest.c:13: warning: conflicting types for built-in function ‘sinh’
    _configtest.c:14: warning: conflicting types for built-in function ‘frexp’
    _configtest.c:15: warning: conflicting types for built-in function ‘sqrt’
    _configtest.c:16: warning: conflicting types for built-in function ‘tanh’
    _configtest.c:17: warning: conflicting types for built-in function ‘modf’
    _configtest.c:18: warning: conflicting types for built-in function ‘floor’
    _configtest.c:19: warning: conflicting types for built-in function ‘asin’
    _configtest.c:20: warning: conflicting types for built-in function ‘ldexp’
    _configtest.c:2: warning: conflicting types for built-in function ‘rint’
    _configtest.c:4: warning: conflicting types for built-in function ‘trunc’
    _configtest.c:5: warning: conflicting types for built-in function ‘nextafter’
    _configtest.c:6: warning: conflicting types for built-in function ‘log2’
    _configtest.c:7: warning: conflicting types for built-in function ‘cbrt’
    _configtest.c:8: warning: conflicting types for built-in function ‘pow’
    _configtest.c:9: warning: conflicting types for built-in function ‘atan2’
    _configtest.c:11: warning: conflicting types for built-in function ‘exp2’
    _configtest.c: In function ‘main’:
    _configtest.c:5: warning: implicit declaration of function ‘__builtin_mul_overflow’
    _configtest.o: In function `main':
    /tmp/easy_install-8bg6jz/numpy-1.11.2rc1/_configtest.c:5: undefined reference to `__builtin_mul_overflow'
    collect2: ld returned 1 exit status
    _configtest.c:3: warning: ignoring #pragma clang diagnostic
    _configtest.c:9: warning: function declaration isn’t a prototype
    _configtest.c:3: warning: ignoring #pragma clang diagnostic
    _configtest.c:9: warning: function declaration isn’t a prototype
    _configtest.c:3: warning: ignoring #pragma clang diagnostic
    _configtest.c:9: warning: function declaration isn’t a prototype
    _configtest.c:3: warning: ignoring #pragma clang diagnostic
    _configtest.c:9: warning: function declaration isn’t a prototype
    _configtest.c:3: warning: ignoring #pragma clang diagnostic
    _configtest.c:5: warning: function declaration isn’t a prototype
    _configtest.c: In function ‘__declspec’:
    _configtest.c:5: error: expected declaration specifiers before ‘foo’
    _configtest.c:9: error: expected ‘=’, ‘,’, ‘;’, ‘asm’ or ‘__attribute__’ before ‘{’ token
    _configtest.c:11: error: expected ‘{’ at end of input
    _configtest.c:1: warning: conflicting types for built-in function ‘tanf’
    _configtest.c:2: warning: conflicting types for built-in function ‘tanhf’
    _configtest.c:3: warning: conflicting types for built-in function ‘truncf’
    _configtest.c:4: warning: conflicting types for built-in function ‘sinhf’
    _configtest.c:5: warning: conflicting types for built-in function ‘sinf’
    _configtest.c:6: warning: conflicting types for built-in function ‘log2f’
    _configtest.c:7: warning: conflicting types for built-in function ‘nextafterf’
    _configtest.c:8: warning: conflicting types for built-in function ‘hypotf’
    _configtest.c:9: warning: conflicting types for built-in function ‘fabsf’
    _configtest.c:10: warning: conflicting types for built-in function ‘powf’
    _configtest.c:11: warning: conflicting types for built-in function ‘fmodf’
    _configtest.c:12: warning: conflicting types for built-in function ‘rintf’
    _configtest.c:13: warning: conflicting types for built-in function ‘copysignf’
    _configtest.c:14: warning: conflicting types for built-in function ‘log1pf’
    _configtest.c:15: warning: conflicting types for built-in function ‘cosf’
    _configtest.c:16: warning: conflicting types for built-in function ‘logf’
    _configtest.c:17: warning: conflicting types for built-in function ‘cbrtf’
    _configtest.c:18: warning: conflicting types for built-in function ‘log10f’
    _configtest.c:19: warning: conflicting types for built-in function ‘modff’
    _configtest.c:20: warning: conflicting types for built-in function ‘atanhf’
    _configtest.c:21: warning: conflicting types for built-in function ‘floorf’
    _configtest.c:22: warning: conflicting types for built-in function ‘expf’
    _configtest.c:23: warning: conflicting types for built-in function ‘acoshf’
    _configtest.c:24: warning: conflicting types for built-in function ‘ldexpf’
    _configtest.c:25: warning: conflicting types for built-in function ‘coshf’
    _configtest.c:26: warning: conflicting types for built-in function ‘exp2f’
    _configtest.c:27: warning: conflicting types for built-in function ‘acosf’
    _configtest.c:28: warning: conflicting types for built-in function ‘sqrtf’
    _configtest.c:29: warning: conflicting types for built-in function ‘frexpf’
    _configtest.c:30: warning: conflicting types for built-in function ‘ceilf’
    _configtest.c:31: warning: conflicting types for built-in function ‘atanf’
    _configtest.c:32: warning: conflicting types for built-in function ‘atan2f’
    _configtest.c:33: warning: conflicting types for built-in function ‘expm1f’
    _configtest.c:34: warning: conflicting types for built-in function ‘asinhf’
    _configtest.c:35: warning: conflicting types for built-in function ‘asinf’
    _configtest.c:1: warning: conflicting types for built-in function ‘log2l’
    _configtest.c:2: warning: conflicting types for built-in function ‘nextafterl’
    _configtest.c:3: warning: conflicting types for built-in function ‘tanl’
    _configtest.c:4: warning: conflicting types for built-in function ‘cbrtl’
    _configtest.c:5: warning: conflicting types for built-in function ‘sinhl’
    _configtest.c:6: warning: conflicting types for built-in function ‘sinl’
    _configtest.c:7: warning: conflicting types for built-in function ‘truncl’
    _configtest.c:8: warning: conflicting types for built-in function ‘atan2l’
    _configtest.c:9: warning: conflicting types for built-in function ‘log10l’
    _configtest.c:10: warning: conflicting types for built-in function ‘exp2l’
    _configtest.c:11: warning: conflicting types for built-in function ‘fabsl’
    _configtest.c:12: warning: conflicting types for built-in function ‘powl’
    _configtest.c:13: warning: conflicting types for built-in function ‘fmodl’
    _configtest.c:14: warning: conflicting types for built-in function ‘rintl’
    _configtest.c:15: warning: conflicting types for built-in function ‘expl’
    _configtest.c:16: warning: conflicting types for built-in function ‘cosl’
    _configtest.c:17: warning: conflicting types for built-in function ‘floorl’
    _configtest.c:18: warning: conflicting types for built-in function ‘sqrtl’
    _configtest.c:19: warning: conflicting types for built-in function ‘modfl’
    _configtest.c:20: warning: conflicting types for built-in function ‘copysignl’
    _configtest.c:21: warning: conflicting types for built-in function ‘log1pl’
    _configtest.c:22: warning: conflicting types for built-in function ‘atanl’
    _configtest.c:23: warning: conflicting types for built-in function ‘atanhl’
    _configtest.c:24: warning: conflicting types for built-in function ‘frexpl’
    _configtest.c:25: warning: conflicting types for built-in function ‘tanhl’
    _configtest.c:26: warning: conflicting types for built-in function ‘acosl’
    _configtest.c:27: warning: conflicting types for built-in function ‘asinl’
    _configtest.c:28: warning: conflicting types for built-in function ‘acoshl’
    _configtest.c:29: warning: conflicting types for built-in function ‘asinhl’
    _configtest.c:30: warning: conflicting types for built-in function ‘ldexpl’
    _configtest.c:31: warning: conflicting types for built-in function ‘coshl’
    _configtest.c:32: warning: conflicting types for built-in function ‘expm1l’
    _configtest.c:33: warning: conflicting types for built-in function ‘ceill’
    _configtest.c:34: warning: conflicting types for built-in function ‘hypotl’
    _configtest.c:35: warning: conflicting types for built-in function ‘logl’
    _configtest.c: In function ‘main’:
    _configtest.c:8: error: ‘HAVE_DECL_SIGNBIT’ undeclared (first use in this function)
    _configtest.c:8: error: (Each undeclared identifier is reported only once
    _configtest.c:8: error: for each function it appears in.)
    _configtest.c:1: warning: conflicting types for built-in function ‘cexp’
    _configtest.c:2: warning: conflicting types for built-in function ‘cproj’
    _configtest.c:3: warning: conflicting types for built-in function ‘cimag’
    _configtest.c:4: warning: conflicting types for built-in function ‘casin’
    _configtest.c:5: warning: conflicting types for built-in function ‘creal’
    _configtest.c:6: warning: conflicting types for built-in function ‘clog’
    _configtest.c:7: warning: conflicting types for built-in function ‘ctanh’
    _configtest.c:8: warning: conflicting types for built-in function ‘ccos’
    _configtest.c:9: warning: conflicting types for built-in function ‘ccosh’
    _configtest.c:10: warning: conflicting types for built-in function ‘catan’
    _configtest.c:11: warning: conflicting types for built-in function ‘csin’
    _configtest.c:12: warning: conflicting types for built-in function ‘cacosh’
    _configtest.c:13: warning: conflicting types for built-in function ‘cpow’
    _configtest.c:14: warning: conflicting types for built-in function ‘conj’
    _configtest.c:15: warning: conflicting types for built-in function ‘csinh’
    _configtest.c:16: warning: conflicting types for built-in function ‘carg’
    _configtest.c:17: warning: conflicting types for built-in function ‘cacos’
    _configtest.c:18: warning: conflicting types for built-in function ‘cabs’
    _configtest.c:19: warning: conflicting types for built-in function ‘catanh’
    _configtest.c:20: warning: conflicting types for built-in function ‘casinh’
    _configtest.c:21: warning: conflicting types for built-in function ‘ctan’
    _configtest.c:22: warning: conflicting types for built-in function ‘csqrt’
    _configtest.c:1: warning: conflicting types for built-in function ‘cpowf’
    _configtest.c:2: warning: conflicting types for built-in function ‘conjf’
    _configtest.c:3: warning: conflicting types for built-in function ‘cprojf’
    _configtest.c:4: warning: conflicting types for built-in function ‘csinhf’
    _configtest.c:5: warning: conflicting types for built-in function ‘cacoshf’
    _configtest.c:6: warning: conflicting types for built-in function ‘ccosf’
    _configtest.c:7: warning: conflicting types for built-in function ‘ctanhf’
    _configtest.c:8: warning: conflicting types for built-in function ‘ctanf’
    _configtest.c:9: warning: conflicting types for built-in function ‘clogf’
    _configtest.c:10: warning: conflicting types for built-in function ‘cabsf’
    _configtest.c:11: warning: conflicting types for built-in function ‘cexpf’
    _configtest.c:12: warning: conflicting types for built-in function ‘csinf’
    _configtest.c:13: warning: conflicting types for built-in function ‘cacosf’
    _configtest.c:14: warning: conflicting types for built-in function ‘cargf’
    _configtest.c:15: warning: conflicting types for built-in function ‘casinhf’
    _configtest.c:16: warning: conflicting types for built-in function ‘csqrtf’
    _configtest.c:17: warning: conflicting types for built-in function ‘cimagf’
    _configtest.c:18: warning: conflicting types for built-in function ‘casinf’
    _configtest.c:19: warning: conflicting types for built-in function ‘crealf’
    _configtest.c:20: warning: conflicting types for built-in function ‘ccoshf’
    _configtest.c:21: warning: conflicting types for built-in function ‘catanf’
    _configtest.c:22: warning: conflicting types for built-in function ‘catanhf’
    _configtest.c:1: warning: conflicting types for built-in function ‘csinhl’
    _configtest.c:2: warning: conflicting types for built-in function ‘cacoshl’
    _configtest.c:3: warning: conflicting types for built-in function ‘conjl’
    _configtest.c:4: warning: conflicting types for built-in function ‘cpowl’
    _configtest.c:5: warning: conflicting types for built-in function ‘csqrtl’
    _configtest.c:6: warning: conflicting types for built-in function ‘cprojl’
    _configtest.c:7: warning: conflicting types for built-in function ‘ctanl’
    _configtest.c:8: warning: conflicting types for built-in function ‘clogl’
    _configtest.c:9: warning: conflicting types for built-in function ‘ctanhl’
    _configtest.c:10: warning: conflicting types for built-in function ‘ccosl’
    _configtest.c:11: warning: conflicting types for built-in function ‘csinl’
    _configtest.c:12: warning: conflicting types for built-in function ‘cargl’
    _configtest.c:13: warning: conflicting types for built-in function ‘cacosl’
    _configtest.c:14: warning: conflicting types for built-in function ‘cabsl’
    _configtest.c:15: warning: conflicting types for built-in function ‘cexpl’
    _configtest.c:16: warning: conflicting types for built-in function ‘creall’
    _configtest.c:17: warning: conflicting types for built-in function ‘ccoshl’
    _configtest.c:18: warning: conflicting types for built-in function ‘cimagl’
    _configtest.c:19: warning: conflicting types for built-in function ‘casinl’
    _configtest.c:20: warning: conflicting types for built-in function ‘catanhl’
    _configtest.c:21: warning: conflicting types for built-in function ‘catanl’
    _configtest.c:22: warning: conflicting types for built-in function ‘casinhl’
    _configtest.c:2: error: expected ‘;’, ‘,’ or ‘)’ before ‘a’
    _configtest.c:2: warning: ‘static_func’ defined but not used
    _configtest.c:1: warning: conflicting types for built-in function ‘exp’
    _configtest.o: In function `main':
    /tmp/easy_install-8bg6jz/numpy-1.11.2rc1/_configtest.c:6: undefined reference to `exp'
    collect2: ld returned 1 exit status
    _configtest.c:1: warning: conflicting types for built-in function ‘exp’
    _configtest.c:4: warning: function declaration isn’t a prototype
                 gtk3cairo: no  [Requires cairocffi or pycairo to be installed.]
                    gtkagg: no  [Requires pygtk]
                     tkagg: yes [installing; run-time loading from Python Tcl /
                            Tk]
                     wxagg: no  [requires wxPython]
                       gtk: no  [Requires pygtk]
                       agg: yes [installing]
                     cairo: no  [cairocffi or pycairo not found]
                 windowing: no  [Microsoft Windows only]
    
    OPTIONAL LATEX DEPENDENCIES
                    dvipng: no
               ghostscript: yes [version 8.70]
                     latex: yes [version 3.141592]
                   pdftops: no
    
    OPTIONAL PACKAGE DATA
                      dlls: no  [skipping due to configuration]
    
    non-existing path in 'numpy/distutils': 'site.cfg'
    _configtest.o: In function `main':
    /tmp/easy_install-8bg6jz/numpy-1.11.2rc1/_configtest.c:6: undefined reference to `exp'
    collect2: ld returned 1 exit status
    _configtest.c: In function âmainâ:
    _configtest.c:7: error: âSIZEOF_LONGDOUBLEâ undeclared (first use in this function)
    _configtest.c:7: error: (Each undeclared identifier is reported only once
    _configtest.c:7: error: for each function it appears in.)
    _configtest.o: In function `main':
    /tmp/easy_install-8bg6jz/numpy-1.11.2rc1/_configtest.c:6: undefined reference to `exp'
    collect2: ld returned 1 exit status
    _configtest.o: In function `main':
    /tmp/easy_install-8bg6jz/numpy-1.11.2rc1/_configtest.c:5: undefined reference to `__builtin_mul_overflow'
    collect2: ld returned 1 exit status
    _configtest.c:3: warning: ignoring #pragma clang diagnostic
    _configtest.c:5: warning: function declaration isnât a prototype
    _configtest.c: In function â__declspecâ:
    _configtest.c:5: error: expected declaration specifiers before âfooâ
    _configtest.c:9: error: expected â=â, â,â, â;â, âasmâ or â__attribute__â before â{â token
    _configtest.c:11: error: expected â{â at end of input
    _configtest.c: In function âmainâ:
    _configtest.c:8: error: âHAVE_DECL_SIGNBITâ undeclared (first use in this function)
    _configtest.c:8: error: (Each undeclared identifier is reported only once
    _configtest.c:8: error: for each function it appears in.)
    _configtest.c:2: error: expected â;â, â,â or â)â before âaâ
    File: build/src.linux-x86_64-3.3/numpy/core/include/numpy/config.h
    #define HAVE_ENDIAN_H 1
    #define SIZEOF_PY_INTPTR_T 8
    #define SIZEOF_OFF_T 8
    #define SIZEOF_PY_LONG_LONG 8
    #define MATHLIB m
    #define HAVE_SIN 1
    #define HAVE_COS 1
    #define HAVE_TAN 1
    #define HAVE_SINH 1
    #define HAVE_COSH 1
    #define HAVE_TANH 1
    #define HAVE_FABS 1
    #define HAVE_FLOOR 1
    #define HAVE_CEIL 1
    #define HAVE_SQRT 1
    #define HAVE_LOG10 1
    #define HAVE_LOG 1
    #define HAVE_EXP 1
    #define HAVE_ASIN 1
    #define HAVE_ACOS 1
    #define HAVE_ATAN 1
    #define HAVE_FMOD 1
    #define HAVE_MODF 1
    #define HAVE_FREXP 1
    #define HAVE_LDEXP 1
    #define HAVE_RINT 1
    #define HAVE_TRUNC 1
    #define HAVE_EXP2 1
    #define HAVE_LOG2 1
    #define HAVE_ATAN2 1
    #define HAVE_POW 1
    #define HAVE_NEXTAFTER 1
    #define HAVE_STRTOLL 1
    #define HAVE_STRTOULL 1
    #define HAVE_CBRT 1
    #define HAVE_STRTOLD_L 1
    #define HAVE_FALLOCATE 1
    #define HAVE_XMMINTRIN_H 1
    #define HAVE_EMMINTRIN_H 1
    #define HAVE_FEATURES_H 1
    #define HAVE___BUILTIN_ISNAN 1
    #define HAVE___BUILTIN_ISINF 1
    #define HAVE___BUILTIN_ISFINITE 1
    #define HAVE___BUILTIN_BSWAP32 1
    #define HAVE___BUILTIN_BSWAP64 1
    #define HAVE___BUILTIN_EXPECT 1
    #define HAVE__MM_LOAD_PS 1
    #define HAVE__MM_PREFETCH 1
    #define HAVE__MM_LOAD_PD 1
    #define HAVE___BUILTIN_PREFETCH 1
    #define HAVE_ATTRIBUTE_OPTIMIZE_UNROLL_LOOPS 1
    #define HAVE_ATTRIBUTE_OPTIMIZE_OPT_3 1
    #define HAVE_ATTRIBUTE_NONNULL 1
    #define HAVE___THREAD 1
    #define HAVE_SINF 1
    #define HAVE_COSF 1
    #define HAVE_TANF 1
    #define HAVE_SINHF 1
    #define HAVE_COSHF 1
    #define HAVE_TANHF 1
    #define HAVE_FABSF 1
    #define HAVE_FLOORF 1
    #define HAVE_CEILF 1
    #define HAVE_RINTF 1
    #define HAVE_TRUNCF 1
    #define HAVE_SQRTF 1
    #define HAVE_LOG10F 1
    #define HAVE_LOGF 1
    #define HAVE_LOG1PF 1
    #define HAVE_EXPF 1
    #define HAVE_EXPM1F 1
    #define HAVE_ASINF 1
    #define HAVE_ACOSF 1
    #define HAVE_ATANF 1
    #define HAVE_ASINHF 1
    #define HAVE_ACOSHF 1
    #define HAVE_ATANHF 1
    #define HAVE_HYPOTF 1
    #define HAVE_ATAN2F 1
    #define HAVE_POWF 1
    #define HAVE_FMODF 1
    #define HAVE_MODFF 1
    #define HAVE_FREXPF 1
    #define HAVE_LDEXPF 1
    #define HAVE_EXP2F 1
    #define HAVE_LOG2F 1
    #define HAVE_COPYSIGNF 1
    #define HAVE_NEXTAFTERF 1
    #define HAVE_CBRTF 1
    #define HAVE_SINL 1
    #define HAVE_COSL 1
    #define HAVE_TANL 1
    #define HAVE_SINHL 1
    #define HAVE_COSHL 1
    #define HAVE_TANHL 1
    #define HAVE_FABSL 1
    #define HAVE_FLOORL 1
    #define HAVE_CEILL 1
    #define HAVE_RINTL 1
    #define HAVE_TRUNCL 1
    #define HAVE_SQRTL 1
    #define HAVE_LOG10L 1
    #define HAVE_LOGL 1
    #define HAVE_LOG1PL 1
    #define HAVE_EXPL 1
    #define HAVE_EXPM1L 1
    #define HAVE_ASINL 1
    #define HAVE_ACOSL 1
    #define HAVE_ATANL 1
    #define HAVE_ASINHL 1
    #define HAVE_ACOSHL 1
    #define HAVE_ATANHL 1
    #define HAVE_HYPOTL 1
    #define HAVE_ATAN2L 1
    #define HAVE_POWL 1
    #define HAVE_FMODL 1
    #define HAVE_MODFL 1
    #define HAVE_FREXPL 1
    #define HAVE_LDEXPL 1
    #define HAVE_EXP2L 1
    #define HAVE_LOG2L 1
    #define HAVE_COPYSIGNL 1
    #define HAVE_NEXTAFTERL 1
    #define HAVE_CBRTL 1
    #define HAVE_DECL_SIGNBIT
    #define HAVE_COMPLEX_H 1
    #define HAVE_CABS 1
    #define HAVE_CACOS 1
    #define HAVE_CACOSH 1
    #define HAVE_CARG 1
    #define HAVE_CASIN 1
    #define HAVE_CASINH 1
    #define HAVE_CATAN 1
    #define HAVE_CATANH 1
    #define HAVE_CCOS 1
    #define HAVE_CCOSH 1
    #define HAVE_CEXP 1
    #define HAVE_CIMAG 1
    #define HAVE_CLOG 1
    #define HAVE_CONJ 1
    #define HAVE_CPOW 1
    #define HAVE_CPROJ 1
    #define HAVE_CREAL 1
    #define HAVE_CSIN 1
    #define HAVE_CSINH 1
    #define HAVE_CSQRT 1
    #define HAVE_CTAN 1
    #define HAVE_CTANH 1
    #define HAVE_CABSF 1
    #define HAVE_CACOSF 1
    #define HAVE_CACOSHF 1
    #define HAVE_CARGF 1
    #define HAVE_CASINF 1
    #define HAVE_CASINHF 1
    #define HAVE_CATANF 1
    #define HAVE_CATANHF 1
    #define HAVE_CCOSF 1
    #define HAVE_CCOSHF 1
    #define HAVE_CEXPF 1
    #define HAVE_CIMAGF 1
    #define HAVE_CLOGF 1
    #define HAVE_CONJF 1
    #define HAVE_CPOWF 1
    #define HAVE_CPROJF 1
    #define HAVE_CREALF 1
    #define HAVE_CSINF 1
    #define HAVE_CSINHF 1
    #define HAVE_CSQRTF 1
    #define HAVE_CTANF 1
    #define HAVE_CTANHF 1
    #define HAVE_CABSL 1
    #define HAVE_CACOSL 1
    #define HAVE_CACOSHL 1
    #define HAVE_CARGL 1
    #define HAVE_CASINL 1
    #define HAVE_CASINHL 1
    #define HAVE_CATANL 1
    #define HAVE_CATANHL 1
    #define HAVE_CCOSL 1
    #define HAVE_CCOSHL 1
    #define HAVE_CEXPL 1
    #define HAVE_CIMAGL 1
    #define HAVE_CLOGL 1
    #define HAVE_CONJL 1
    #define HAVE_CPOWL 1
    #define HAVE_CPROJL 1
    #define HAVE_CREALL 1
    #define HAVE_CSINL 1
    #define HAVE_CSINHL 1
    #define HAVE_CSQRTL 1
    #define HAVE_CTANL 1
    #define HAVE_CTANHL 1
    #define NPY_RESTRICT __restrict__
    #define HAVE_LDOUBLE_INTEL_EXTENDED_16_BYTES_LE 1
    #define NPY_PY3K 1
    #ifndef __cplusplus
    /* #undef inline */
    #endif
    
    #ifndef _NPY_NPY_CONFIG_H_
    #error config.h should never be included directly, include npy_config.h instead
    #endif
    
    EOF
    _configtest.o: In function `main':
    /tmp/easy_install-8bg6jz/numpy-1.11.2rc1/_configtest.c:6: undefined reference to `exp'
    collect2: ld returned 1 exit status
    File: build/src.linux-x86_64-3.3/numpy/core/include/numpy/_numpyconfig.h
    #define NPY_HAVE_ENDIAN_H 1
    #define NPY_SIZEOF_SHORT SIZEOF_SHORT
    #define NPY_SIZEOF_INT SIZEOF_INT
    #define NPY_SIZEOF_LONG SIZEOF_LONG
    #define NPY_SIZEOF_FLOAT 4
    #define NPY_SIZEOF_COMPLEX_FLOAT 8
    #define NPY_SIZEOF_DOUBLE 8
    #define NPY_SIZEOF_COMPLEX_DOUBLE 16
    #define NPY_SIZEOF_LONGDOUBLE 16
    #define NPY_SIZEOF_COMPLEX_LONGDOUBLE 32
    #define NPY_SIZEOF_PY_INTPTR_T 8
    #define NPY_SIZEOF_OFF_T 8
    #define NPY_SIZEOF_PY_LONG_LONG 8
    #define NPY_SIZEOF_LONGLONG 8
    #define NPY_NO_SMP 0
    #define NPY_HAVE_DECL_ISNAN
    #define NPY_HAVE_DECL_ISINF
    #define NPY_HAVE_DECL_ISFINITE
    #define NPY_HAVE_DECL_SIGNBIT
    #define NPY_USE_C99_COMPLEX 1
    #define NPY_HAVE_COMPLEX_DOUBLE 1
    #define NPY_HAVE_COMPLEX_FLOAT 1
    #define NPY_HAVE_COMPLEX_LONG_DOUBLE 1
    #define NPY_USE_C99_FORMATS 1
    #define NPY_VISIBILITY_HIDDEN __attribute__((visibility("hidden")))
    #define NPY_ABI_VERSION 0x01000009
    #define NPY_API_VERSION 0x0000000A
    
    #ifndef __STDC_FORMAT_MACROS
    #define __STDC_FORMAT_MACROS 1
    #endif
    
    EOF
    ### Warning:  Using unoptimized lapack ###
    ### Warning:  Using unoptimized lapack ###
    warning: no previously-included files matching '*.pyo' found anywhere in distribution
    warning: no previously-included files matching '*.pyd' found anywhere in distribution
    numpy/core/src/npymath/npy_math_complex.c.src: In function ‘npy_cacosf’:
    numpy/core/src/npymath/npy_math_complex.c.src:1325: warning: unused variable ‘junk’
    numpy/core/src/npymath/npy_math_complex.c.src: In function ‘npy_casinhf’:
    numpy/core/src/npymath/npy_math_complex.c.src:1482: warning: unused variable ‘junk’
    numpy/core/src/npymath/npy_math_complex.c.src:1433: warning: unused variable ‘pio2_hi’
    numpy/core/src/npymath/npy_math_complex.c.src:1422: warning: unused variable ‘pio2_lo’
    numpy/core/src/npymath/npy_math_complex.c.src: In function ‘npy_catanhf’:
    numpy/core/src/npymath/npy_math_complex.c.src:1723: warning: unused variable ‘junk’
    numpy/core/src/npymath/npy_math_complex.c.src: In function ‘npy_cacos’:
    numpy/core/src/npymath/npy_math_complex.c.src:1325: warning: unused variable ‘junk’
    numpy/core/src/npymath/npy_math_complex.c.src: In function ‘npy_casinh’:
    numpy/core/src/npymath/npy_math_complex.c.src:1482: warning: unused variable ‘junk’
    numpy/core/src/npymath/npy_math_complex.c.src:1433: warning: unused variable ‘pio2_hi’
    numpy/core/src/npymath/npy_math_complex.c.src:1426: warning: unused variable ‘pio2_lo’
    numpy/core/src/npymath/npy_math_complex.c.src: In function ‘npy_catanh’:
    numpy/core/src/npymath/npy_math_complex.c.src:1723: warning: unused variable ‘junk’
    numpy/core/src/npymath/npy_math_complex.c.src: In function ‘npy_cacosl’:
    numpy/core/src/npymath/npy_math_complex.c.src:1325: warning: unused variable ‘junk’
    numpy/core/src/npymath/npy_math_complex.c.src: In function ‘npy_casinhl’:
    numpy/core/src/npymath/npy_math_complex.c.src:1482: warning: unused variable ‘junk’
    numpy/core/src/npymath/npy_math_complex.c.src:1433: warning: unused variable ‘pio2_hi’
    numpy/core/src/npymath/npy_math_complex.c.src:1430: warning: unused variable ‘pio2_lo’
    numpy/core/src/npymath/npy_math_complex.c.src: In function ‘npy_catanhl’:
    numpy/core/src/npymath/npy_math_complex.c.src:1723: warning: unused variable ‘junk’
    /usr/bin/ld: cannot find -lpython3.3m
    collect2: ld returned 1 exit status
    Running from numpy source directory.
    /tmp/easy_install-8bg6jz/numpy-1.11.2rc1/setup.py:327: UserWarning: Unrecognized setuptools command, proceeding with generating Cython sources and expanding templates
      warnings.warn("Unrecognized setuptools command, proceeding with "
    /tmp/easy_install-8bg6jz/numpy-1.11.2rc1/numpy/distutils/system_info.py:1630: UserWarning:
        Atlas (http://math-atlas.sourceforge.net/) libraries not found.
        Directories to search for the libraries can be specified in the
        numpy/distutils/site.cfg file (section [atlas]) or by setting
        the ATLAS environment variable.
      warnings.warn(AtlasNotFoundError.__doc__)
    /tmp/easy_install-8bg6jz/numpy-1.11.2rc1/numpy/distutils/system_info.py:1639: UserWarning:
        Blas (http://www.netlib.org/blas/) libraries not found.
        Directories to search for the libraries can be specified in the
        numpy/distutils/site.cfg file (section [blas]) or by setting
        the BLAS environment variable.
      warnings.warn(BlasNotFoundError.__doc__)
    /tmp/easy_install-8bg6jz/numpy-1.11.2rc1/numpy/distutils/system_info.py:1642: UserWarning:
        Blas (http://www.netlib.org/blas/) sources not found.
        Directories to search for the sources can be specified in the
        numpy/distutils/site.cfg file (section [blas_src]) or by setting
        the BLAS_SRC environment variable.
      warnings.warn(BlasSrcNotFoundError.__doc__)
    /tmp/easy_install-8bg6jz/numpy-1.11.2rc1/numpy/distutils/system_info.py:1532: UserWarning:
        Atlas (http://math-atlas.sourceforge.net/) libraries not found.
        Directories to search for the libraries can be specified in the
        numpy/distutils/site.cfg file (section [atlas]) or by setting
        the ATLAS environment variable.
      warnings.warn(AtlasNotFoundError.__doc__)
    /tmp/easy_install-8bg6jz/numpy-1.11.2rc1/numpy/distutils/system_info.py:1543: UserWarning:
        Lapack (http://www.netlib.org/lapack/) libraries not found.
        Directories to search for the libraries can be specified in the
        numpy/distutils/site.cfg file (section [lapack]) or by setting
        the LAPACK environment variable.
      warnings.warn(LapackNotFoundError.__doc__)
    /tmp/easy_install-8bg6jz/numpy-1.11.2rc1/numpy/distutils/system_info.py:1546: UserWarning:
        Lapack (http://www.netlib.org/lapack/) sources not found.
        Directories to search for the sources can be specified in the
        numpy/distutils/site.cfg file (section [lapack_src]) or by setting
        the LAPACK_SRC environment variable.
      warnings.warn(LapackSrcNotFoundError.__doc__)
    /opt/python/lib/python3.3/distutils/dist.py:258: UserWarning: Unknown distribution option: 'define_macros'
      warnings.warn(msg)
    Traceback (most recent call last):
      File "/opt/python/lib/python3.3/distutils/unixccompiler.py", line 194, in link
        self.spawn(linker + ld_args)
      File "/tmp/easy_install-8bg6jz/numpy-1.11.2rc1/numpy/distutils/ccompiler.py", line 27, in <lambda>
      File "/tmp/easy_install-8bg6jz/numpy-1.11.2rc1/numpy/distutils/ccompiler.py", line 71, in CCompiler_spawn
    distutils.errors.DistutilsExecError: Command "gcc -pthread -shared build/temp.linux-x86_64-3.3/numpy/core/src/dummymodule.o -L. -Lbuild/temp.linux-x86_64-3.3 -lm -lpython3.3m -o build/lib.linux-x86_64-3.3/numpy/core/_dummy.cpython-33m.so" failed with exit status 1
    
    During handling of the above exception, another exception occurred:
    
    Traceback (most recent call last):
      File "/opt/python/lib/python3.3/distutils/core.py", line 147, in setup
        dist.run_commands()
      File "/opt/python/lib/python3.3/distutils/dist.py", line 930, in run_commands
        self.run_command(cmd)
      File "/opt/python/lib/python3.3/distutils/dist.py", line 949, in run_command
        cmd_obj.run()
      File "/opt/python/lib/python3.3/site-packages/setuptools/command/bdist_egg.py", line 161, in run
        cmd = self.call_command('install_lib', warn_dir=0)
      File "/opt/python/lib/python3.3/site-packages/setuptools/command/bdist_egg.py", line 147, in call_command
        self.run_command(cmdname)
      File "/opt/python/lib/python3.3/distutils/cmd.py", line 313, in run_command
        self.distribution.run_command(command)
      File "/opt/python/lib/python3.3/distutils/dist.py", line 949, in run_command
        cmd_obj.run()
      File "/opt/python/lib/python3.3/site-packages/setuptools/command/install_lib.py", line 11, in run
        self.build()
      File "/opt/python/lib/python3.3/distutils/command/install_lib.py", line 107, in build
        self.run_command('build_ext')
      File "/opt/python/lib/python3.3/distutils/cmd.py", line 313, in run_command
        self.distribution.run_command(command)
      File "/opt/python/lib/python3.3/distutils/dist.py", line 949, in run_command
        cmd_obj.run()
      File "/tmp/easy_install-8bg6jz/numpy-1.11.2rc1/numpy/distutils/command/build_ext.py", line 257, in run
      File "/opt/python/lib/python3.3/distutils/command/build_ext.py", line 462, in build_extensions
        self.build_extension(ext)
      File "/tmp/easy_install-8bg6jz/numpy-1.11.2rc1/numpy/distutils/command/build_ext.py", line 441, in build_extension
      File "/opt/python/lib/python3.3/distutils/ccompiler.py", line 717, in link_shared_object
        extra_preargs, extra_postargs, build_temp, target_lang)
      File "/opt/python/lib/python3.3/distutils/unixccompiler.py", line 196, in link
        raise LinkError(msg)
    distutils.errors.LinkError: Command "gcc -pthread -shared build/temp.linux-x86_64-3.3/numpy/core/src/dummymodule.o -L. -Lbuild/temp.linux-x86_64-3.3 -lm -lpython3.3m -o build/lib.linux-x86_64-3.3/numpy/core/_dummy.cpython-33m.so" failed with exit status 1
    
    During handling of the above exception, another exception occurred:
    
    Traceback (most recent call last):
      File "/opt/python/lib/python3.3/site-packages/setuptools/sandbox.py", line 156, in save_modules
        yield saved
      File "/opt/python/lib/python3.3/site-packages/setuptools/sandbox.py", line 197, in setup_context
        yield
      File "/opt/python/lib/python3.3/site-packages/setuptools/sandbox.py", line 246, in run_setup
        DirectorySandbox(setup_dir).run(runner)
      File "/opt/python/lib/python3.3/site-packages/setuptools/sandbox.py", line 276, in run
        return func()
      File "/opt/python/lib/python3.3/site-packages/setuptools/sandbox.py", line 245, in runner
        _execfile(setup_script, ns)
      File "/opt/python/lib/python3.3/site-packages/setuptools/sandbox.py", line 47, in _execfile
        exec(code, globals, locals)
      File "/tmp/easy_install-8bg6jz/numpy-1.11.2rc1/setup.py", line 386, in <module>
      File "/tmp/easy_install-8bg6jz/numpy-1.11.2rc1/setup.py", line 378, in setup_package
      File "/tmp/easy_install-8bg6jz/numpy-1.11.2rc1/numpy/distutils/core.py", line 169, in setup
      File "/opt/python/lib/python3.3/distutils/core.py", line 162, in setup
        raise SystemExit("error: " + str(msg))
    SystemExit: error: Command "gcc -pthread -shared build/temp.linux-x86_64-3.3/numpy/core/src/dummymodule.o -L. -Lbuild/temp.linux-x86_64-3.3 -lm -lpython3.3m -o build/lib.linux-x86_64-3.3/numpy/core/_dummy.cpython-33m.so" failed with exit status 1
    
    During handling of the above exception, another exception occurred:
    
    Traceback (most recent call last):
      File "/opt/python/lib/python3.3/site-packages/setuptools/command/easy_install.py", line 1100, in run_setup
        run_setup(setup_script, args)
      File "/opt/python/lib/python3.3/site-packages/setuptools/sandbox.py", line 249, in run_setup
        raise
      File "/opt/python/lib/python3.3/contextlib.py", line 66, in __exit__
        self.gen.throw(type, value, traceback)
      File "/opt/python/lib/python3.3/site-packages/setuptools/sandbox.py", line 197, in setup_context
        yield
      File "/opt/python/lib/python3.3/contextlib.py", line 66, in __exit__
        self.gen.throw(type, value, traceback)
      File "/opt/python/lib/python3.3/site-packages/setuptools/sandbox.py", line 168, in save_modules
        saved_exc.resume()
      File "/opt/python/lib/python3.3/site-packages/setuptools/sandbox.py", line 143, in resume
        six.reraise(type, exc, self._tb)
      File "/opt/python/lib/python3.3/site-packages/pkg_resources/_vendor/six.py", line 685, in reraise
        raise value.with_traceback(tb)
      File "/opt/python/lib/python3.3/site-packages/setuptools/sandbox.py", line 156, in save_modules
        yield saved
      File "/opt/python/lib/python3.3/site-packages/setuptools/sandbox.py", line 197, in setup_context
    /usr/bin/ld: cannot find -lpython3.3m
    collect2: ld returned 1 exit status
        yield
      File "/opt/python/lib/python3.3/site-packages/setuptools/sandbox.py", line 246, in run_setup
        DirectorySandbox(setup_dir).run(runner)
      File "/opt/python/lib/python3.3/site-packages/setuptools/sandbox.py", line 276, in run
        return func()
      File "/opt/python/lib/python3.3/site-packages/setuptools/sandbox.py", line 245, in runner
        _execfile(setup_script, ns)
      File "/opt/python/lib/python3.3/site-packages/setuptools/sandbox.py", line 47, in _execfile
        exec(code, globals, locals)
      File "/tmp/easy_install-8bg6jz/numpy-1.11.2rc1/setup.py", line 386, in <module>
      File "/tmp/easy_install-8bg6jz/numpy-1.11.2rc1/setup.py", line 378, in setup_package
      File "/tmp/easy_install-8bg6jz/numpy-1.11.2rc1/numpy/distutils/core.py", line 169, in setup
      File "/opt/python/lib/python3.3/distutils/core.py", line 162, in setup
        raise SystemExit("error: " + str(msg))
    SystemExit: error: Command "gcc -pthread -shared build/temp.linux-x86_64-3.3/numpy/core/src/dummymodule.o -L. -Lbuild/temp.linux-x86_64-3.3 -lm -lpython3.3m -o build/lib.linux-x86_64-3.3/numpy/core/_dummy.cpython-33m.so" failed with exit status 1
    
    During handling of the above exception, another exception occurred:
    
    Traceback (most recent call last):
      File "<string>", line 1, in <module>
      File "/tmp/pip-build-fq6zel/matplotlib/setup.py", line 277, in <module>
        **extra_args
      File "/opt/python/lib/python3.3/distutils/core.py", line 108, in setup
        _setup_distribution = dist = klass(attrs)
      File "/opt/python/lib/python3.3/site-packages/setuptools/dist.py", line 315, in __init__
        self.fetch_build_eggs(attrs['setup_requires'])
      File "/opt/python/lib/python3.3/site-packages/setuptools/dist.py", line 361, in fetch_build_eggs
        replace_conflicting=True,
      File "/opt/python/lib/python3.3/site-packages/pkg_resources/__init__.py", line 851, in resolve
        dist = best[req.key] = env.best_match(req, ws, installer)
      File "/opt/python/lib/python3.3/site-packages/pkg_resources/__init__.py", line 1123, in best_match
        return self.obtain(req, installer)
      File "/opt/python/lib/python3.3/site-packages/pkg_resources/__init__.py", line 1135, in obtain
        return installer(requirement)
      File "/opt/python/lib/python3.3/site-packages/setuptools/dist.py", line 428, in fetch_build_egg
        return cmd.easy_install(req)
      File "/opt/python/lib/python3.3/site-packages/setuptools/command/easy_install.py", line 664, in easy_install
        return self.install_item(spec, dist.location, tmpdir, deps)
      File "/opt/python/lib/python3.3/site-packages/setuptools/command/easy_install.py", line 694, in install_item
        dists = self.install_eggs(spec, download, tmpdir)
      File "/opt/python/lib/python3.3/site-packages/setuptools/command/easy_install.py", line 875, in install_eggs
        return self.build_and_install(setup_script, setup_base)
      File "/opt/python/lib/python3.3/site-packages/setuptools/command/easy_install.py", line 1114, in build_and_install
        self.run_setup(setup_script, setup_base, args)
      File "/opt/python/lib/python3.3/site-packages/setuptools/command/easy_install.py", line 1102, in run_setup
        raise DistutilsError("Setup script exited with %s" % (v.args[0],))
    distutils.errors.DistutilsError: Setup script exited with error: Command "gcc -pthread -shared build/temp.linux-x86_64-3.3/numpy/core/src/dummymodule.o -L. -Lbuild/temp.linux-x86_64-3.3 -lm -lpython3.3m -o build/lib.linux-x86_64-3.3/numpy/core/_dummy.cpython-33m.so" failed with exit status 1
    
    ----------------------------------------
Command "python setup.py egg_info" failed with error code 1 in /tmp/pip-build-fq6zel/matplotlib/
[kyle@mocha python]$ 
