[kyle@mocha python]$ pip3 install --user numpy
Collecting numpy
  Using cached numpy-1.11.1.zip
Building wheels for collected packages: numpy
  Running setup.py bdist_wheel for numpy ... error
  Complete output from command /usr/local/bin/python3.3 -u -c "import setuptools, tokenize;__file__='/tmp/pip-build-f_v1sx/numpy/setup.py';exec(compile(getattr(tokenize, 'open', open)(__file__).read().replace('\r\n', '\n'), __file__, 'exec'))" bdist_wheel -d /tmp/tmp955k01pip-wheel- --python-tag cp33:
  Running from numpy source directory.
  blas_opt_info:
  blas_mkl_info:
    libraries mkl,vml,guide not found in ['/opt/python/lib', '/usr/local/lib64', '/usr/local/lib', '/usr/lib64', '/usr/lib']
    NOT AVAILABLE
  
  openblas_info:
    libraries openblas not found in ['/opt/python/lib', '/usr/local/lib64', '/usr/local/lib', '/usr/lib64', '/usr/lib']
    NOT AVAILABLE
  
  atlas_3_10_blas_threads_info:
  Setting PTATLAS=ATLAS
    libraries tatlas not found in ['/opt/python/lib', '/usr/local/lib64', '/usr/local/lib', '/usr/lib64/sse2', '/usr/lib64', '/usr/lib']
    NOT AVAILABLE
  
  atlas_3_10_blas_info:
    libraries satlas not found in ['/opt/python/lib', '/usr/local/lib64', '/usr/local/lib', '/usr/lib64/sse2', '/usr/lib64', '/usr/lib']
    NOT AVAILABLE
  
  atlas_blas_threads_info:
  Setting PTATLAS=ATLAS
    libraries ptf77blas,ptcblas,atlas not found in ['/opt/python/lib', '/usr/local/lib64', '/usr/local/lib', '/usr/lib64/sse2', '/usr/lib64', '/usr/lib']
    NOT AVAILABLE
  
  atlas_blas_info:
    libraries f77blas,cblas,atlas not found in ['/opt/python/lib', '/usr/local/lib64', '/usr/local/lib', '/usr/lib64/sse2', '/usr/lib64', '/usr/lib']
    NOT AVAILABLE
  
  /tmp/pip-build-f_v1sx/numpy/numpy/distutils/system_info.py:1646: UserWarning:
      Atlas (http://math-atlas.sourceforge.net/) libraries not found.
      Directories to search for the libraries can be specified in the
      numpy/distutils/site.cfg file (section [atlas]) or by setting
      the ATLAS environment variable.
    warnings.warn(AtlasNotFoundError.__doc__)
  blas_info:
    libraries blas not found in ['/opt/python/lib', '/usr/local/lib64', '/usr/local/lib', '/usr/lib64', '/usr/lib']
    NOT AVAILABLE
  
  /tmp/pip-build-f_v1sx/numpy/numpy/distutils/system_info.py:1655: UserWarning:
      Blas (http://www.netlib.org/blas/) libraries not found.
      Directories to search for the libraries can be specified in the
      numpy/distutils/site.cfg file (section [blas]) or by setting
      the BLAS environment variable.
    warnings.warn(BlasNotFoundError.__doc__)
  blas_src_info:
    NOT AVAILABLE
  
  /tmp/pip-build-f_v1sx/numpy/numpy/distutils/system_info.py:1658: UserWarning:
      Blas (http://www.netlib.org/blas/) sources not found.
      Directories to search for the sources can be specified in the
      numpy/distutils/site.cfg file (section [blas_src]) or by setting
      the BLAS_SRC environment variable.
    warnings.warn(BlasSrcNotFoundError.__doc__)
    NOT AVAILABLE
  
  /bin/sh: svnversion: command not found
  non-existing path in 'numpy/distutils': 'site.cfg'
  /bin/sh: svnversion: command not found
  F2PY Version 2
  lapack_opt_info:
  openblas_lapack_info:
    libraries openblas not found in ['/opt/python/lib', '/usr/local/lib64', '/usr/local/lib', '/usr/lib64', '/usr/lib']
    NOT AVAILABLE
  
  lapack_mkl_info:
  mkl_info:
    libraries mkl,vml,guide not found in ['/opt/python/lib', '/usr/local/lib64', '/usr/local/lib', '/usr/lib64', '/usr/lib']
    NOT AVAILABLE
  
    NOT AVAILABLE
  
  atlas_3_10_threads_info:
  Setting PTATLAS=ATLAS
    libraries tatlas,tatlas not found in /opt/python/lib
    libraries lapack_atlas not found in /opt/python/lib
    libraries tatlas,tatlas not found in /usr/local/lib64
    libraries lapack_atlas not found in /usr/local/lib64
    libraries tatlas,tatlas not found in /usr/local/lib
    libraries lapack_atlas not found in /usr/local/lib
    libraries tatlas,tatlas not found in /usr/lib64/sse2
    libraries lapack_atlas not found in /usr/lib64/sse2
    libraries tatlas,tatlas not found in /usr/lib64
    libraries lapack_atlas not found in /usr/lib64
    libraries tatlas,tatlas not found in /usr/lib
    libraries lapack_atlas not found in /usr/lib
  <class 'numpy.distutils.system_info.atlas_3_10_threads_info'>
    NOT AVAILABLE
  
  atlas_3_10_info:
    libraries satlas,satlas not found in /opt/python/lib
    libraries lapack_atlas not found in /opt/python/lib
    libraries satlas,satlas not found in /usr/local/lib64
    libraries lapack_atlas not found in /usr/local/lib64
    libraries satlas,satlas not found in /usr/local/lib
    libraries lapack_atlas not found in /usr/local/lib
    libraries satlas,satlas not found in /usr/lib64/sse2
    libraries lapack_atlas not found in /usr/lib64/sse2
    libraries satlas,satlas not found in /usr/lib64
    libraries lapack_atlas not found in /usr/lib64
    libraries satlas,satlas not found in /usr/lib
    libraries lapack_atlas not found in /usr/lib
  <class 'numpy.distutils.system_info.atlas_3_10_info'>
    NOT AVAILABLE
  
  atlas_threads_info:
  Setting PTATLAS=ATLAS
    libraries ptf77blas,ptcblas,atlas not found in /opt/python/lib
    libraries lapack_atlas not found in /opt/python/lib
    libraries ptf77blas,ptcblas,atlas not found in /usr/local/lib64
    libraries lapack_atlas not found in /usr/local/lib64
    libraries ptf77blas,ptcblas,atlas not found in /usr/local/lib
    libraries lapack_atlas not found in /usr/local/lib
    libraries ptf77blas,ptcblas,atlas not found in /usr/lib64/sse2
    libraries lapack_atlas not found in /usr/lib64/sse2
    libraries ptf77blas,ptcblas,atlas not found in /usr/lib64
    libraries lapack_atlas not found in /usr/lib64
    libraries ptf77blas,ptcblas,atlas not found in /usr/lib
    libraries lapack_atlas not found in /usr/lib
  <class 'numpy.distutils.system_info.atlas_threads_info'>
    NOT AVAILABLE
  
  atlas_info:
    libraries f77blas,cblas,atlas not found in /opt/python/lib
    libraries lapack_atlas not found in /opt/python/lib
    libraries f77blas,cblas,atlas not found in /usr/local/lib64
    libraries lapack_atlas not found in /usr/local/lib64
    libraries f77blas,cblas,atlas not found in /usr/local/lib
    libraries lapack_atlas not found in /usr/local/lib
    libraries f77blas,cblas,atlas not found in /usr/lib64/sse2
    libraries lapack_atlas not found in /usr/lib64/sse2
    libraries f77blas,cblas,atlas not found in /usr/lib64
    libraries lapack_atlas not found in /usr/lib64
    libraries f77blas,cblas,atlas not found in /usr/lib
    libraries lapack_atlas not found in /usr/lib
  <class 'numpy.distutils.system_info.atlas_info'>
    NOT AVAILABLE
  
  /tmp/pip-build-f_v1sx/numpy/numpy/distutils/system_info.py:1548: UserWarning:
      Atlas (http://math-atlas.sourceforge.net/) libraries not found.
      Directories to search for the libraries can be specified in the
      numpy/distutils/site.cfg file (section [atlas]) or by setting
      the ATLAS environment variable.
    warnings.warn(AtlasNotFoundError.__doc__)
  lapack_info:
    libraries lapack not found in ['/opt/python/lib', '/usr/local/lib64', '/usr/local/lib', '/usr/lib64', '/usr/lib']
    NOT AVAILABLE
  
  /tmp/pip-build-f_v1sx/numpy/numpy/distutils/system_info.py:1559: UserWarning:
      Lapack (http://www.netlib.org/lapack/) libraries not found.
      Directories to search for the libraries can be specified in the
      numpy/distutils/site.cfg file (section [lapack]) or by setting
      the LAPACK environment variable.
    warnings.warn(LapackNotFoundError.__doc__)
  lapack_src_info:
    NOT AVAILABLE
  
  /tmp/pip-build-f_v1sx/numpy/numpy/distutils/system_info.py:1562: UserWarning:
      Lapack (http://www.netlib.org/lapack/) sources not found.
      Directories to search for the sources can be specified in the
      numpy/distutils/site.cfg file (section [lapack_src]) or by setting
      the LAPACK_SRC environment variable.
    warnings.warn(LapackSrcNotFoundError.__doc__)
    NOT AVAILABLE
  
  /opt/python/lib/python3.3/distutils/dist.py:258: UserWarning: Unknown distribution option: 'define_macros'
    warnings.warn(msg)
  running bdist_wheel
  running build
  running config_cc
  unifing config_cc, config, build_clib, build_ext, build commands --compiler options
  running config_fc
  unifing config_fc, config, build_clib, build_ext, build commands --fcompiler options
  running build_src
  build_src
  building py_modules sources
  creating build
  creating build/src.linux-x86_64-3.3
  creating build/src.linux-x86_64-3.3/numpy
  creating build/src.linux-x86_64-3.3/numpy/distutils
  building library "npymath" sources
  customize Gnu95FCompiler
  Found executable /usr/bin/gfortran
  customize Gnu95FCompiler
  customize Gnu95FCompiler using config
  C compiler: gcc -pthread -DNDEBUG -g -fwrapv -O3 -Wall -Wstrict-prototypes -fPIC
  
  compile options: '-Inumpy/core/src/private -Inumpy/core/src -Inumpy/core -Inumpy/core/src/npymath -Inumpy/core/src/multiarray -Inumpy/core/src/umath -Inumpy/core/src/npysort -I/opt/python/include/python3.3m -c'
  gcc: _configtest.c
  gcc -pthread _configtest.o -o _configtest
  success!
  removing: _configtest.c _configtest.o _configtest
  C compiler: gcc -pthread -DNDEBUG -g -fwrapv -O3 -Wall -Wstrict-prototypes -fPIC
  
  compile options: '-Inumpy/core/src/private -Inumpy/core/src -Inumpy/core -Inumpy/core/src/npymath -Inumpy/core/src/multiarray -Inumpy/core/src/umath -Inumpy/core/src/npysort -I/opt/python/include/python3.3m -c'
  gcc: _configtest.c
  _configtest.c:1: warning: conflicting types for built-in function ‘exp’
  gcc -pthread _configtest.o -o _configtest
  _configtest.o: In function `main':
  /tmp/pip-build-f_v1sx/numpy/_configtest.c:6: undefined reference to `exp'
  collect2: ld returned 1 exit status
  _configtest.o: In function `main':
  /tmp/pip-build-f_v1sx/numpy/_configtest.c:6: undefined reference to `exp'
  collect2: ld returned 1 exit status
  failure.
  removing: _configtest.c _configtest.o
  C compiler: gcc -pthread -DNDEBUG -g -fwrapv -O3 -Wall -Wstrict-prototypes -fPIC
  
  compile options: '-Inumpy/core/src/private -Inumpy/core/src -Inumpy/core -Inumpy/core/src/npymath -Inumpy/core/src/multiarray -Inumpy/core/src/umath -Inumpy/core/src/npysort -I/opt/python/include/python3.3m -c'
  gcc: _configtest.c
  _configtest.c:1: warning: conflicting types for built-in function ‘exp’
  gcc -pthread _configtest.o -lm -o _configtest
  success!
  removing: _configtest.c _configtest.o _configtest
  creating build/src.linux-x86_64-3.3/numpy/core
  creating build/src.linux-x86_64-3.3/numpy/core/src
  creating build/src.linux-x86_64-3.3/numpy/core/src/npymath
  conv_template:> build/src.linux-x86_64-3.3/numpy/core/src/npymath/npy_math.c
  conv_template:> build/src.linux-x86_64-3.3/numpy/core/src/npymath/ieee754.c
  conv_template:> build/src.linux-x86_64-3.3/numpy/core/src/npymath/npy_math_complex.c
  building library "npysort" sources
  creating build/src.linux-x86_64-3.3/numpy/core/src/npysort
  conv_template:> build/src.linux-x86_64-3.3/numpy/core/src/npysort/quicksort.c
  conv_template:> build/src.linux-x86_64-3.3/numpy/core/src/npysort/mergesort.c
  conv_template:> build/src.linux-x86_64-3.3/numpy/core/src/npysort/heapsort.c
  creating build/src.linux-x86_64-3.3/numpy/core/src/private
  conv_template:> build/src.linux-x86_64-3.3/numpy/core/src/private/npy_partition.h
    adding 'build/src.linux-x86_64-3.3/numpy/core/src/private' to include_dirs.
  conv_template:> build/src.linux-x86_64-3.3/numpy/core/src/npysort/selection.c
  conv_template:> build/src.linux-x86_64-3.3/numpy/core/src/private/npy_binsearch.h
  conv_template:> build/src.linux-x86_64-3.3/numpy/core/src/npysort/binsearch.c
  None - nothing done with h_files = ['build/src.linux-x86_64-3.3/numpy/core/src/private/npy_partition.h', 'build/src.linux-x86_64-3.3/numpy/core/src/private/npy_binsearch.h']
  building extension "numpy.core._dummy" sources
  Generating build/src.linux-x86_64-3.3/numpy/core/include/numpy/config.h
  C compiler: gcc -pthread -DNDEBUG -g -fwrapv -O3 -Wall -Wstrict-prototypes -fPIC
  
  compile options: '-Inumpy/core/src/private -Inumpy/core/src -Inumpy/core -Inumpy/core/src/npymath -Inumpy/core/src/multiarray -Inumpy/core/src/umath -Inumpy/core/src/npysort -I/opt/python/include/python3.3m -c'
  gcc: _configtest.c
  success!
  removing: _configtest.c _configtest.o
  C compiler: gcc -pthread -DNDEBUG -g -fwrapv -O3 -Wall -Wstrict-prototypes -fPIC
  
  compile options: '-Inumpy/core/src/private -Inumpy/core/src -Inumpy/core -Inumpy/core/src/npymath -Inumpy/core/src/multiarray -Inumpy/core/src/umath -Inumpy/core/src/npysort -I/opt/python/include/python3.3m -c'
  gcc: _configtest.c
  success!
  removing: _configtest.c _configtest.o
  C compiler: gcc -pthread -DNDEBUG -g -fwrapv -O3 -Wall -Wstrict-prototypes -fPIC
  
  compile options: '-Inumpy/core/src/private -Inumpy/core/src -Inumpy/core -Inumpy/core/src/npymath -Inumpy/core/src/multiarray -Inumpy/core/src/umath -Inumpy/core/src/npysort -I/opt/python/include/python3.3m -c'
  gcc: _configtest.c
  success!
  removing: _configtest.c _configtest.o
  C compiler: gcc -pthread -DNDEBUG -g -fwrapv -O3 -Wall -Wstrict-prototypes -fPIC
  
  compile options: '-Inumpy/core/src/private -Inumpy/core/src -Inumpy/core -Inumpy/core/src/npymath -Inumpy/core/src/multiarray -Inumpy/core/src/umath -Inumpy/core/src/npysort -I/opt/python/include/python3.3m -c'
  gcc: _configtest.c
  success!
  removing: _configtest.c _configtest.o
  C compiler: gcc -pthread -DNDEBUG -g -fwrapv -O3 -Wall -Wstrict-prototypes -fPIC
  
  compile options: '-Inumpy/core/src/private -Inumpy/core/src -Inumpy/core -Inumpy/core/src/npymath -Inumpy/core/src/multiarray -Inumpy/core/src/umath -Inumpy/core/src/npysort -I/opt/python/include/python3.3m -c'
  gcc: _configtest.c
  success!
  removing: _configtest.c _configtest.o
  C compiler: gcc -pthread -DNDEBUG -g -fwrapv -O3 -Wall -Wstrict-prototypes -fPIC
  
  compile options: '-Inumpy/core/src/private -Inumpy/core/src -Inumpy/core -Inumpy/core/src/npymath -Inumpy/core/src/multiarray -Inumpy/core/src/umath -Inumpy/core/src/npysort -I/opt/python/include/python3.3m -c'
  gcc: _configtest.c
  success!
  removing: _configtest.c _configtest.o
  C compiler: gcc -pthread -DNDEBUG -g -fwrapv -O3 -Wall -Wstrict-prototypes -fPIC
  
  compile options: '-Inumpy/core/src/private -Inumpy/core/src -Inumpy/core -Inumpy/core/src/npymath -Inumpy/core/src/multiarray -Inumpy/core/src/umath -Inumpy/core/src/npysort -I/opt/python/include/python3.3m -c'
  gcc: _configtest.c
  removing: _configtest.c _configtest.o
  C compiler: gcc -pthread -DNDEBUG -g -fwrapv -O3 -Wall -Wstrict-prototypes -fPIC
  
  compile options: '-Inumpy/core/src/private -Inumpy/core/src -Inumpy/core -Inumpy/core/src/npymath -Inumpy/core/src/multiarray -Inumpy/core/src/umath -Inumpy/core/src/npysort -I/opt/python/include/python3.3m -c'
  gcc: _configtest.c
  removing: _configtest.c _configtest.o
  C compiler: gcc -pthread -DNDEBUG -g -fwrapv -O3 -Wall -Wstrict-prototypes -fPIC
  
  compile options: '-Inumpy/core/src/private -Inumpy/core/src -Inumpy/core -Inumpy/core/src/npymath -Inumpy/core/src/multiarray -Inumpy/core/src/umath -Inumpy/core/src/npysort -I/opt/python/include/python3.3m -c'
  gcc: _configtest.c
  removing: _configtest.c _configtest.o
  C compiler: gcc -pthread -DNDEBUG -g -fwrapv -O3 -Wall -Wstrict-prototypes -fPIC
  
  compile options: '-Inumpy/core/src/private -Inumpy/core/src -Inumpy/core -Inumpy/core/src/npymath -Inumpy/core/src/multiarray -Inumpy/core/src/umath -Inumpy/core/src/npysort -I/opt/python/include/python3.3m -c'
  gcc: _configtest.c
  removing: _configtest.c _configtest.o
  C compiler: gcc -pthread -DNDEBUG -g -fwrapv -O3 -Wall -Wstrict-prototypes -fPIC
  
  compile options: '-Inumpy/core/src/private -Inumpy/core/src -Inumpy/core -Inumpy/core/src/npymath -Inumpy/core/src/multiarray -Inumpy/core/src/umath -Inumpy/core/src/npysort -I/opt/python/include/python3.3m -c'
  gcc: _configtest.c
  success!
  removing: _configtest.c _configtest.o
  C compiler: gcc -pthread -DNDEBUG -g -fwrapv -O3 -Wall -Wstrict-prototypes -fPIC
  
  compile options: '-Inumpy/core/src/private -Inumpy/core/src -Inumpy/core -Inumpy/core/src/npymath -Inumpy/core/src/multiarray -Inumpy/core/src/umath -Inumpy/core/src/npysort -I/opt/python/include/python3.3m -c'
  gcc: _configtest.c
  removing: _configtest.c _configtest.o
  C compiler: gcc -pthread -DNDEBUG -g -fwrapv -O3 -Wall -Wstrict-prototypes -fPIC
  
  compile options: '-Inumpy/core/src/private -Inumpy/core/src -Inumpy/core -Inumpy/core/src/npymath -Inumpy/core/src/multiarray -Inumpy/core/src/umath -Inumpy/core/src/npysort -I/opt/python/include/python3.3m -c'
  gcc: _configtest.c
  removing: _configtest.c _configtest.o
  C compiler: gcc -pthread -DNDEBUG -g -fwrapv -O3 -Wall -Wstrict-prototypes -fPIC
  
  compile options: '-Inumpy/core/src/private -Inumpy/core/src -Inumpy/core -Inumpy/core/src/npymath -Inumpy/core/src/multiarray -Inumpy/core/src/umath -Inumpy/core/src/npysort -I/opt/python/include/python3.3m -c'
  gcc: _configtest.c
  removing: _configtest.c _configtest.o
  C compiler: gcc -pthread -DNDEBUG -g -fwrapv -O3 -Wall -Wstrict-prototypes -fPIC
  
  compile options: '-Inumpy/core/src/private -Inumpy/core/src -Inumpy/core -Inumpy/core/src/npymath -Inumpy/core/src/multiarray -Inumpy/core/src/umath -Inumpy/core/src/npysort -I/opt/python/include/python3.3m -c'
  gcc: _configtest.c
  removing: _configtest.c _configtest.o
  C compiler: gcc -pthread -DNDEBUG -g -fwrapv -O3 -Wall -Wstrict-prototypes -fPIC
  
  compile options: '-Inumpy/core/src/private -Inumpy/core/src -Inumpy/core -Inumpy/core/src/npymath -Inumpy/core/src/multiarray -Inumpy/core/src/umath -Inumpy/core/src/npysort -I/opt/python/include/python3.3m -c'
  gcc: _configtest.c
  _configtest.c: In function ‘main’:
  _configtest.c:7: error: ‘SIZEOF_LONGDOUBLE’ undeclared (first use in this function)
  _configtest.c:7: error: (Each undeclared identifier is reported only once
  _configtest.c:7: error: for each function it appears in.)
  _configtest.c: In function âmainâ:
  _configtest.c:7: error: âSIZEOF_LONGDOUBLEâ undeclared (first use in this function)
  _configtest.c:7: error: (Each undeclared identifier is reported only once
  _configtest.c:7: error: for each function it appears in.)
  failure.
  removing: _configtest.c _configtest.o
  C compiler: gcc -pthread -DNDEBUG -g -fwrapv -O3 -Wall -Wstrict-prototypes -fPIC
  
  compile options: '-Inumpy/core/src/private -Inumpy/core/src -Inumpy/core -Inumpy/core/src/npymath -Inumpy/core/src/multiarray -Inumpy/core/src/umath -Inumpy/core/src/npysort -I/opt/python/include/python3.3m -c'
  gcc: _configtest.c
  removing: _configtest.c _configtest.o
  C compiler: gcc -pthread -DNDEBUG -g -fwrapv -O3 -Wall -Wstrict-prototypes -fPIC
  
  compile options: '-Inumpy/core/src/private -Inumpy/core/src -Inumpy/core -Inumpy/core/src/npymath -Inumpy/core/src/multiarray -Inumpy/core/src/umath -Inumpy/core/src/npysort -I/opt/python/include/python3.3m -c'
  gcc: _configtest.c
  removing: _configtest.c _configtest.o
  C compiler: gcc -pthread -DNDEBUG -g -fwrapv -O3 -Wall -Wstrict-prototypes -fPIC
  
  compile options: '-Inumpy/core/src/private -Inumpy/core/src -Inumpy/core -Inumpy/core/src/npymath -Inumpy/core/src/multiarray -Inumpy/core/src/umath -Inumpy/core/src/npysort -I/opt/python/include/python3.3m -c'
  gcc: _configtest.c
  removing: _configtest.c _configtest.o
  C compiler: gcc -pthread -DNDEBUG -g -fwrapv -O3 -Wall -Wstrict-prototypes -fPIC
  
  compile options: '-Inumpy/core/src/private -Inumpy/core/src -Inumpy/core -Inumpy/core/src/npymath -Inumpy/core/src/multiarray -Inumpy/core/src/umath -Inumpy/core/src/npysort -I/opt/python/include/python3.3m -c'
  gcc: _configtest.c
  removing: _configtest.c _configtest.o
  C compiler: gcc -pthread -DNDEBUG -g -fwrapv -O3 -Wall -Wstrict-prototypes -fPIC
  
  compile options: '-Inumpy/core/src/private -Inumpy/core/src -Inumpy/core -Inumpy/core/src/npymath -Inumpy/core/src/multiarray -Inumpy/core/src/umath -Inumpy/core/src/npysort -I/opt/python/include/python3.3m -c'
  gcc: _configtest.c
  removing: _configtest.c _configtest.o
  C compiler: gcc -pthread -DNDEBUG -g -fwrapv -O3 -Wall -Wstrict-prototypes -fPIC
  
  compile options: '-Inumpy/core/src/private -Inumpy/core/src -Inumpy/core -Inumpy/core/src/npymath -Inumpy/core/src/multiarray -Inumpy/core/src/umath -Inumpy/core/src/npysort -I/opt/python/include/python3.3m -c'
  gcc: _configtest.c
  removing: _configtest.c _configtest.o
  C compiler: gcc -pthread -DNDEBUG -g -fwrapv -O3 -Wall -Wstrict-prototypes -fPIC
  
  compile options: '-Inumpy/core/src/private -Inumpy/core/src -Inumpy/core -Inumpy/core/src/npymath -Inumpy/core/src/multiarray -Inumpy/core/src/umath -Inumpy/core/src/npysort -I/opt/python/include/python3.3m -c'
  gcc: _configtest.c
  removing: _configtest.c _configtest.o
  C compiler: gcc -pthread -DNDEBUG -g -fwrapv -O3 -Wall -Wstrict-prototypes -fPIC
  
  compile options: '-Inumpy/core/src/private -Inumpy/core/src -Inumpy/core -Inumpy/core/src/npymath -Inumpy/core/src/multiarray -Inumpy/core/src/umath -Inumpy/core/src/npysort -I/opt/python/include/python3.3m -c'
  gcc: _configtest.c
  removing: _configtest.c _configtest.o
  C compiler: gcc -pthread -DNDEBUG -g -fwrapv -O3 -Wall -Wstrict-prototypes -fPIC
  
  compile options: '-Inumpy/core/src/private -Inumpy/core/src -Inumpy/core -Inumpy/core/src/npymath -Inumpy/core/src/multiarray -Inumpy/core/src/umath -Inumpy/core/src/npysort -I/opt/python/include/python3.3m -c'
  gcc: _configtest.c
  success!
  removing: _configtest.c _configtest.o
  C compiler: gcc -pthread -DNDEBUG -g -fwrapv -O3 -Wall -Wstrict-prototypes -fPIC
  
  compile options: '-Inumpy/core/src/private -Inumpy/core/src -Inumpy/core -Inumpy/core/src/npymath -Inumpy/core/src/multiarray -Inumpy/core/src/umath -Inumpy/core/src/npysort -I/opt/python/include/python3.3m -c'
  gcc: _configtest.c
  removing: _configtest.c _configtest.o
  C compiler: gcc -pthread -DNDEBUG -g -fwrapv -O3 -Wall -Wstrict-prototypes -fPIC
  
  compile options: '-Inumpy/core/src/private -Inumpy/core/src -Inumpy/core -Inumpy/core/src/npymath -Inumpy/core/src/multiarray -Inumpy/core/src/umath -Inumpy/core/src/npysort -I/opt/python/include/python3.3m -c'
  gcc: _configtest.c
  removing: _configtest.c _configtest.o
  C compiler: gcc -pthread -DNDEBUG -g -fwrapv -O3 -Wall -Wstrict-prototypes -fPIC
  
  compile options: '-Inumpy/core/src/private -Inumpy/core/src -Inumpy/core -Inumpy/core/src/npymath -Inumpy/core/src/multiarray -Inumpy/core/src/umath -Inumpy/core/src/npysort -I/opt/python/include/python3.3m -c'
  gcc: _configtest.c
  removing: _configtest.c _configtest.o
  C compiler: gcc -pthread -DNDEBUG -g -fwrapv -O3 -Wall -Wstrict-prototypes -fPIC
  
  compile options: '-Inumpy/core/src/private -Inumpy/core/src -Inumpy/core -Inumpy/core/src/npymath -Inumpy/core/src/multiarray -Inumpy/core/src/umath -Inumpy/core/src/npysort -I/opt/python/include/python3.3m -c'
  gcc: _configtest.c
  removing: _configtest.c _configtest.o
  C compiler: gcc -pthread -DNDEBUG -g -fwrapv -O3 -Wall -Wstrict-prototypes -fPIC
  
  compile options: '-Inumpy/core/src/private -Inumpy/core/src -Inumpy/core -Inumpy/core/src/npymath -Inumpy/core/src/multiarray -Inumpy/core/src/umath -Inumpy/core/src/npysort -I/opt/python/include/python3.3m -c'
  gcc: _configtest.c
  success!
  removing: _configtest.c _configtest.o
  C compiler: gcc -pthread -DNDEBUG -g -fwrapv -O3 -Wall -Wstrict-prototypes -fPIC
  
  compile options: '-Inumpy/core/src/private -Inumpy/core/src -Inumpy/core -Inumpy/core/src/npymath -Inumpy/core/src/multiarray -Inumpy/core/src/umath -Inumpy/core/src/npysort -I/opt/python/include/python3.3m -c'
  gcc: _configtest.c
  _configtest.c:1: warning: conflicting types for built-in function ‘exp’
  gcc -pthread _configtest.o -o _configtest
  _configtest.o: In function `main':
  /tmp/pip-build-f_v1sx/numpy/_configtest.c:6: undefined reference to `exp'
  collect2: ld returned 1 exit status
  _configtest.o: In function `main':
  /tmp/pip-build-f_v1sx/numpy/_configtest.c:6: undefined reference to `exp'
  collect2: ld returned 1 exit status
  failure.
  removing: _configtest.c _configtest.o
  C compiler: gcc -pthread -DNDEBUG -g -fwrapv -O3 -Wall -Wstrict-prototypes -fPIC
  
  compile options: '-Inumpy/core/src/private -Inumpy/core/src -Inumpy/core -Inumpy/core/src/npymath -Inumpy/core/src/multiarray -Inumpy/core/src/umath -Inumpy/core/src/npysort -I/opt/python/include/python3.3m -c'
  gcc: _configtest.c
  _configtest.c:1: warning: conflicting types for built-in function ‘exp’
  gcc -pthread _configtest.o -lm -o _configtest
  success!
  removing: _configtest.c _configtest.o _configtest
  C compiler: gcc -pthread -DNDEBUG -g -fwrapv -O3 -Wall -Wstrict-prototypes -fPIC
  
  compile options: '-Inumpy/core/src/private -Inumpy/core/src -Inumpy/core -Inumpy/core/src/npymath -Inumpy/core/src/multiarray -Inumpy/core/src/umath -Inumpy/core/src/npysort -I/opt/python/include/python3.3m -c'
  gcc: _configtest.c
  _configtest.c:1: warning: conflicting types for built-in function ‘cos’
  _configtest.c:2: warning: conflicting types for built-in function ‘ldexp’
  _configtest.c:3: warning: conflicting types for built-in function ‘tanh’
  _configtest.c:4: warning: conflicting types for built-in function ‘modf’
  _configtest.c:5: warning: conflicting types for built-in function ‘acos’
  _configtest.c:6: warning: conflicting types for built-in function ‘sinh’
  _configtest.c:7: warning: conflicting types for built-in function ‘cosh’
  _configtest.c:8: warning: conflicting types for built-in function ‘exp’
  _configtest.c:9: warning: conflicting types for built-in function ‘atan’
  _configtest.c:10: warning: conflicting types for built-in function ‘ceil’
  _configtest.c:11: warning: conflicting types for built-in function ‘fmod’
  _configtest.c:12: warning: conflicting types for built-in function ‘asin’
  _configtest.c:13: warning: conflicting types for built-in function ‘log10’
  _configtest.c:14: warning: conflicting types for built-in function ‘frexp’
  _configtest.c:15: warning: conflicting types for built-in function ‘sqrt’
  _configtest.c:16: warning: conflicting types for built-in function ‘sin’
  _configtest.c:17: warning: conflicting types for built-in function ‘tan’
  _configtest.c:18: warning: conflicting types for built-in function ‘floor’
  _configtest.c:19: warning: conflicting types for built-in function ‘fabs’
  _configtest.c:20: warning: conflicting types for built-in function ‘log’
  gcc -pthread _configtest.o -lm -o _configtest
  success!
  removing: _configtest.c _configtest.o _configtest
  C compiler: gcc -pthread -DNDEBUG -g -fwrapv -O3 -Wall -Wstrict-prototypes -fPIC
  
  compile options: '-Inumpy/core/src/private -Inumpy/core/src -Inumpy/core -Inumpy/core/src/npymath -Inumpy/core/src/multiarray -Inumpy/core/src/umath -Inumpy/core/src/npysort -I/opt/python/include/python3.3m -c'
  gcc: _configtest.c
  success!
  removing: _configtest.c _configtest.o
  C compiler: gcc -pthread -DNDEBUG -g -fwrapv -O3 -Wall -Wstrict-prototypes -fPIC
  
  compile options: '-Inumpy/core/src/private -Inumpy/core/src -Inumpy/core -Inumpy/core/src/npymath -Inumpy/core/src/multiarray -Inumpy/core/src/umath -Inumpy/core/src/npysort -I/opt/python/include/python3.3m -c'
  gcc: _configtest.c
  success!
  removing: _configtest.c _configtest.o
  C compiler: gcc -pthread -DNDEBUG -g -fwrapv -O3 -Wall -Wstrict-prototypes -fPIC
  
  compile options: '-Inumpy/core/src/private -Inumpy/core/src -Inumpy/core -Inumpy/core/src/npymath -Inumpy/core/src/multiarray -Inumpy/core/src/umath -Inumpy/core/src/npysort -I/opt/python/include/python3.3m -c'
  gcc: _configtest.c
  success!
  removing: _configtest.c _configtest.o
  C compiler: gcc -pthread -DNDEBUG -g -fwrapv -O3 -Wall -Wstrict-prototypes -fPIC
  
  compile options: '-Inumpy/core/src/private -Inumpy/core/src -Inumpy/core -Inumpy/core/src/npymath -Inumpy/core/src/multiarray -Inumpy/core/src/umath -Inumpy/core/src/npysort -I/opt/python/include/python3.3m -c'
  gcc: _configtest.c
  success!
  removing: _configtest.c _configtest.o
  C compiler: gcc -pthread -DNDEBUG -g -fwrapv -O3 -Wall -Wstrict-prototypes -fPIC
  
  compile options: '-Inumpy/core/src/private -Inumpy/core/src -Inumpy/core -Inumpy/core/src/npymath -Inumpy/core/src/multiarray -Inumpy/core/src/umath -Inumpy/core/src/npysort -I/opt/python/include/python3.3m -c'
  gcc: _configtest.c
  success!
  removing: _configtest.c _configtest.o
  C compiler: gcc -pthread -DNDEBUG -g -fwrapv -O3 -Wall -Wstrict-prototypes -fPIC
  
  compile options: '-Inumpy/core/src/private -Inumpy/core/src -Inumpy/core -Inumpy/core/src/npymath -Inumpy/core/src/multiarray -Inumpy/core/src/umath -Inumpy/core/src/npysort -I/opt/python/include/python3.3m -c'
  gcc: _configtest.c
  success!
  removing: _configtest.c _configtest.o
  C compiler: gcc -pthread -DNDEBUG -g -fwrapv -O3 -Wall -Wstrict-prototypes -fPIC
  
  compile options: '-Inumpy/core/src/private -Inumpy/core/src -Inumpy/core -Inumpy/core/src/npymath -Inumpy/core/src/multiarray -Inumpy/core/src/umath -Inumpy/core/src/npysort -I/opt/python/include/python3.3m -c'
  gcc: _configtest.c
  success!
  removing: _configtest.c _configtest.o
  C compiler: gcc -pthread -DNDEBUG -g -fwrapv -O3 -Wall -Wstrict-prototypes -fPIC
  
  compile options: '-Inumpy/core/src/private -Inumpy/core/src -Inumpy/core -Inumpy/core/src/npymath -Inumpy/core/src/multiarray -Inumpy/core/src/umath -Inumpy/core/src/npysort -I/opt/python/include/python3.3m -c'
  gcc: _configtest.c
  success!
  removing: _configtest.c _configtest.o
  C compiler: gcc -pthread -DNDEBUG -g -fwrapv -O3 -Wall -Wstrict-prototypes -fPIC
  
  compile options: '-Inumpy/core/src/private -Inumpy/core/src -Inumpy/core -Inumpy/core/src/npymath -Inumpy/core/src/multiarray -Inumpy/core/src/umath -Inumpy/core/src/npysort -I/opt/python/include/python3.3m -c'
  gcc: _configtest.c
  success!
  removing: _configtest.c _configtest.o
  C compiler: gcc -pthread -DNDEBUG -g -fwrapv -O3 -Wall -Wstrict-prototypes -fPIC
  
  compile options: '-Inumpy/core/src/private -Inumpy/core/src -Inumpy/core -Inumpy/core/src/npymath -Inumpy/core/src/multiarray -Inumpy/core/src/umath -Inumpy/core/src/npysort -I/opt/python/include/python3.3m -c'
  gcc: _configtest.c
  _configtest.c:1: warning: conflicting types for built-in function ‘log2’
  _configtest.c:2: warning: conflicting types for built-in function ‘pow’
  _configtest.c:4: warning: conflicting types for built-in function ‘trunc’
  _configtest.c:5: warning: conflicting types for built-in function ‘nextafter’
  _configtest.c:6: warning: conflicting types for built-in function ‘rint’
  _configtest.c:8: warning: conflicting types for built-in function ‘atan2’
  _configtest.c:9: warning: conflicting types for built-in function ‘cbrt’
  _configtest.c:12: warning: conflicting types for built-in function ‘exp2’
  gcc -pthread _configtest.o -lm -o _configtest
  success!
  removing: _configtest.c _configtest.o _configtest
  C compiler: gcc -pthread -DNDEBUG -g -fwrapv -O3 -Wall -Wstrict-prototypes -fPIC
  
  compile options: '-Inumpy/core/src/private -Inumpy/core/src -Inumpy/core -Inumpy/core/src/npymath -Inumpy/core/src/multiarray -Inumpy/core/src/umath -Inumpy/core/src/npysort -I/opt/python/include/python3.3m -c'
  gcc: _configtest.c
  gcc -pthread _configtest.o -o _configtest
  success!
  removing: _configtest.c _configtest.o _configtest
  C compiler: gcc -pthread -DNDEBUG -g -fwrapv -O3 -Wall -Wstrict-prototypes -fPIC
  
  compile options: '-Inumpy/core/src/private -Inumpy/core/src -Inumpy/core -Inumpy/core/src/npymath -Inumpy/core/src/multiarray -Inumpy/core/src/umath -Inumpy/core/src/npysort -I/opt/python/include/python3.3m -c'
  gcc: _configtest.c
  gcc -pthread _configtest.o -o _configtest
  success!
  removing: _configtest.c _configtest.o _configtest
  C compiler: gcc -pthread -DNDEBUG -g -fwrapv -O3 -Wall -Wstrict-prototypes -fPIC
  
  compile options: '-Inumpy/core/src/private -Inumpy/core/src -Inumpy/core -Inumpy/core/src/npymath -Inumpy/core/src/multiarray -Inumpy/core/src/umath -Inumpy/core/src/npysort -I/opt/python/include/python3.3m -c'
  gcc: _configtest.c
  gcc -pthread _configtest.o -o _configtest
  success!
  removing: _configtest.c _configtest.o _configtest
  C compiler: gcc -pthread -DNDEBUG -g -fwrapv -O3 -Wall -Wstrict-prototypes -fPIC
  
  compile options: '-Inumpy/core/src/private -Inumpy/core/src -Inumpy/core -Inumpy/core/src/npymath -Inumpy/core/src/multiarray -Inumpy/core/src/umath -Inumpy/core/src/npysort -I/opt/python/include/python3.3m -c'
  gcc: _configtest.c
  gcc -pthread _configtest.o -o _configtest
  success!
  removing: _configtest.c _configtest.o _configtest
  C compiler: gcc -pthread -DNDEBUG -g -fwrapv -O3 -Wall -Wstrict-prototypes -fPIC
  
  compile options: '-Inumpy/core/src/private -Inumpy/core/src -Inumpy/core -Inumpy/core/src/npymath -Inumpy/core/src/multiarray -Inumpy/core/src/umath -Inumpy/core/src/npysort -I/opt/python/include/python3.3m -c'
  gcc: _configtest.c
  gcc -pthread _configtest.o -o _configtest
  success!
  removing: _configtest.c _configtest.o _configtest
  C compiler: gcc -pthread -DNDEBUG -g -fwrapv -O3 -Wall -Wstrict-prototypes -fPIC
  
  compile options: '-Inumpy/core/src/private -Inumpy/core/src -Inumpy/core -Inumpy/core/src/npymath -Inumpy/core/src/multiarray -Inumpy/core/src/umath -Inumpy/core/src/npysort -I/opt/python/include/python3.3m -c'
  gcc: _configtest.c
  gcc -pthread _configtest.o -o _configtest
  success!
  removing: _configtest.c _configtest.o _configtest
  C compiler: gcc -pthread -DNDEBUG -g -fwrapv -O3 -Wall -Wstrict-prototypes -fPIC
  
  compile options: '-Inumpy/core/src/private -Inumpy/core/src -Inumpy/core -Inumpy/core/src/npymath -Inumpy/core/src/multiarray -Inumpy/core/src/umath -Inumpy/core/src/npysort -I/opt/python/include/python3.3m -c'
  gcc: _configtest.c
  gcc -pthread _configtest.o -o _configtest
  success!
  removing: _configtest.c _configtest.o _configtest
  C compiler: gcc -pthread -DNDEBUG -g -fwrapv -O3 -Wall -Wstrict-prototypes -fPIC
  
  compile options: '-Inumpy/core/src/private -Inumpy/core/src -Inumpy/core -Inumpy/core/src/npymath -Inumpy/core/src/multiarray -Inumpy/core/src/umath -Inumpy/core/src/npysort -I/opt/python/include/python3.3m -c'
  gcc: _configtest.c
  gcc -pthread _configtest.o -o _configtest
  success!
  removing: _configtest.c _configtest.o _configtest
  C compiler: gcc -pthread -DNDEBUG -g -fwrapv -O3 -Wall -Wstrict-prototypes -fPIC
  
  compile options: '-Inumpy/core/src/private -Inumpy/core/src -Inumpy/core -Inumpy/core/src/npymath -Inumpy/core/src/multiarray -Inumpy/core/src/umath -Inumpy/core/src/npysort -I/opt/python/include/python3.3m -c'
  gcc: _configtest.c
  gcc -pthread _configtest.o -o _configtest
  success!
  removing: _configtest.c _configtest.o _configtest
  C compiler: gcc -pthread -DNDEBUG -g -fwrapv -O3 -Wall -Wstrict-prototypes -fPIC
  
  compile options: '-Inumpy/core/src/private -Inumpy/core/src -Inumpy/core -Inumpy/core/src/npymath -Inumpy/core/src/multiarray -Inumpy/core/src/umath -Inumpy/core/src/npysort -I/opt/python/include/python3.3m -c'
  gcc: _configtest.c
  _configtest.c: In function ‘main’:
  _configtest.c:5: warning: implicit declaration of function ‘__builtin_mul_overflow’
  gcc -pthread _configtest.o -o _configtest
  _configtest.o: In function `main':
  /tmp/pip-build-f_v1sx/numpy/_configtest.c:5: undefined reference to `__builtin_mul_overflow'
  collect2: ld returned 1 exit status
  _configtest.o: In function `main':
  /tmp/pip-build-f_v1sx/numpy/_configtest.c:5: undefined reference to `__builtin_mul_overflow'
  collect2: ld returned 1 exit status
  failure.
  removing: _configtest.c _configtest.o
  C compiler: gcc -pthread -DNDEBUG -g -fwrapv -O3 -Wall -Wstrict-prototypes -fPIC
  
  compile options: '-Inumpy/core/src/private -Inumpy/core/src -Inumpy/core -Inumpy/core/src/npymath -Inumpy/core/src/multiarray -Inumpy/core/src/umath -Inumpy/core/src/npysort -I/opt/python/include/python3.3m -c'
  gcc: _configtest.c
  gcc -pthread _configtest.o -o _configtest
  success!
  removing: _configtest.c _configtest.o _configtest
  C compiler: gcc -pthread -DNDEBUG -g -fwrapv -O3 -Wall -Wstrict-prototypes -fPIC
  
  compile options: '-Inumpy/core/src/private -Inumpy/core/src -Inumpy/core -Inumpy/core/src/npymath -Inumpy/core/src/multiarray -Inumpy/core/src/umath -Inumpy/core/src/npysort -I/opt/python/include/python3.3m -c'
  gcc: _configtest.c
  gcc -pthread _configtest.o -o _configtest
  success!
  removing: _configtest.c _configtest.o _configtest
  C compiler: gcc -pthread -DNDEBUG -g -fwrapv -O3 -Wall -Wstrict-prototypes -fPIC
  
  compile options: '-Inumpy/core/src/private -Inumpy/core/src -Inumpy/core -Inumpy/core/src/npymath -Inumpy/core/src/multiarray -Inumpy/core/src/umath -Inumpy/core/src/npysort -I/opt/python/include/python3.3m -c'
  gcc: _configtest.c
  gcc -pthread _configtest.o -o _configtest
  success!
  removing: _configtest.c _configtest.o _configtest
  C compiler: gcc -pthread -DNDEBUG -g -fwrapv -O3 -Wall -Wstrict-prototypes -fPIC
  
  compile options: '-Inumpy/core/src/private -Inumpy/core/src -Inumpy/core -Inumpy/core/src/npymath -Inumpy/core/src/multiarray -Inumpy/core/src/umath -Inumpy/core/src/npysort -I/opt/python/include/python3.3m -c'
  gcc: _configtest.c
  gcc -pthread _configtest.o -o _configtest
  success!
  removing: _configtest.c _configtest.o _configtest
  C compiler: gcc -pthread -DNDEBUG -g -fwrapv -O3 -Wall -Wstrict-prototypes -fPIC
  
  compile options: '-Inumpy/core/src/private -Inumpy/core/src -Inumpy/core -Inumpy/core/src/npymath -Inumpy/core/src/multiarray -Inumpy/core/src/umath -Inumpy/core/src/npysort -I/opt/python/include/python3.3m -c'
  gcc: _configtest.c
  _configtest.c:3: warning: ignoring #pragma clang diagnostic
  _configtest.c:9: warning: function declaration isn’t a prototype
  success!
  removing: _configtest.c _configtest.o
  C compiler: gcc -pthread -DNDEBUG -g -fwrapv -O3 -Wall -Wstrict-prototypes -fPIC
  
  compile options: '-Inumpy/core/src/private -Inumpy/core/src -Inumpy/core -Inumpy/core/src/npymath -Inumpy/core/src/multiarray -Inumpy/core/src/umath -Inumpy/core/src/npysort -I/opt/python/include/python3.3m -c'
  gcc: _configtest.c
  _configtest.c:3: warning: ignoring #pragma clang diagnostic
  _configtest.c:9: warning: function declaration isn’t a prototype
  success!
  removing: _configtest.c _configtest.o
  C compiler: gcc -pthread -DNDEBUG -g -fwrapv -O3 -Wall -Wstrict-prototypes -fPIC
  
  compile options: '-Inumpy/core/src/private -Inumpy/core/src -Inumpy/core -Inumpy/core/src/npymath -Inumpy/core/src/multiarray -Inumpy/core/src/umath -Inumpy/core/src/npysort -I/opt/python/include/python3.3m -c'
  gcc: _configtest.c
  _configtest.c:3: warning: ignoring #pragma clang diagnostic
  _configtest.c:9: warning: function declaration isn’t a prototype
  success!
  removing: _configtest.c _configtest.o
  C compiler: gcc -pthread -DNDEBUG -g -fwrapv -O3 -Wall -Wstrict-prototypes -fPIC
  
  compile options: '-Inumpy/core/src/private -Inumpy/core/src -Inumpy/core -Inumpy/core/src/npymath -Inumpy/core/src/multiarray -Inumpy/core/src/umath -Inumpy/core/src/npysort -I/opt/python/include/python3.3m -c'
  gcc: _configtest.c
  _configtest.c:3: warning: ignoring #pragma clang diagnostic
  _configtest.c:9: warning: function declaration isn’t a prototype
  success!
  removing: _configtest.c _configtest.o
  C compiler: gcc -pthread -DNDEBUG -g -fwrapv -O3 -Wall -Wstrict-prototypes -fPIC
  
  compile options: '-Inumpy/core/src/private -Inumpy/core/src -Inumpy/core -Inumpy/core/src/npymath -Inumpy/core/src/multiarray -Inumpy/core/src/umath -Inumpy/core/src/npysort -I/opt/python/include/python3.3m -c'
  gcc: _configtest.c
  _configtest.c:3: warning: ignoring #pragma clang diagnostic
  _configtest.c:5: warning: function declaration isn’t a prototype
  _configtest.c: In function ‘__declspec’:
  _configtest.c:5: error: expected declaration specifiers before ‘foo’
  _configtest.c:9: error: expected ‘=’, ‘,’, ‘;’, ‘asm’ or ‘__attribute__’ before ‘{’ token
  _configtest.c:11: error: expected ‘{’ at end of input
  _configtest.c:3: warning: ignoring #pragma clang diagnostic
  _configtest.c:5: warning: function declaration isnât a prototype
  _configtest.c: In function â__declspecâ:
  _configtest.c:5: error: expected declaration specifiers before âfooâ
  _configtest.c:9: error: expected â=â, â,â, â;â, âasmâ or â__attribute__â before â{â token
  _configtest.c:11: error: expected â{â at end of input
  failure.
  removing: _configtest.c _configtest.o
  C compiler: gcc -pthread -DNDEBUG -g -fwrapv -O3 -Wall -Wstrict-prototypes -fPIC
  
  compile options: '-Inumpy/core/src/private -Inumpy/core/src -Inumpy/core -Inumpy/core/src/npymath -Inumpy/core/src/multiarray -Inumpy/core/src/umath -Inumpy/core/src/npysort -I/opt/python/include/python3.3m -c'
  gcc: _configtest.c
  _configtest.c:1: warning: conflicting types for built-in function ‘atan2f’
  _configtest.c:2: warning: conflicting types for built-in function ‘acoshf’
  _configtest.c:3: warning: conflicting types for built-in function ‘fmodf’
  _configtest.c:4: warning: conflicting types for built-in function ‘sinf’
  _configtest.c:5: warning: conflicting types for built-in function ‘cosf’
  _configtest.c:6: warning: conflicting types for built-in function ‘log10f’
  _configtest.c:7: warning: conflicting types for built-in function ‘tanf’
  _configtest.c:8: warning: conflicting types for built-in function ‘expf’
  _configtest.c:9: warning: conflicting types for built-in function ‘powf’
  _configtest.c:10: warning: conflicting types for built-in function ‘truncf’
  _configtest.c:11: warning: conflicting types for built-in function ‘modff’
  _configtest.c:12: warning: conflicting types for built-in function ‘log1pf’
  _configtest.c:13: warning: conflicting types for built-in function ‘nextafterf’
  _configtest.c:14: warning: conflicting types for built-in function ‘rintf’
  _configtest.c:15: warning: conflicting types for built-in function ‘atanf’
  _configtest.c:16: warning: conflicting types for built-in function ‘ceilf’
  _configtest.c:17: warning: conflicting types for built-in function ‘asinhf’
  _configtest.c:18: warning: conflicting types for built-in function ‘frexpf’
  _configtest.c:19: warning: conflicting types for built-in function ‘atanhf’
  _configtest.c:20: warning: conflicting types for built-in function ‘sqrtf’
  _configtest.c:21: warning: conflicting types for built-in function ‘tanhf’
  _configtest.c:22: warning: conflicting types for built-in function ‘ldexpf’
  _configtest.c:23: warning: conflicting types for built-in function ‘coshf’
  _configtest.c:24: warning: conflicting types for built-in function ‘exp2f’
  _configtest.c:25: warning: conflicting types for built-in function ‘sinhf’
  _configtest.c:26: warning: conflicting types for built-in function ‘hypotf’
  _configtest.c:27: warning: conflicting types for built-in function ‘expm1f’
  _configtest.c:28: warning: conflicting types for built-in function ‘log2f’
  _configtest.c:29: warning: conflicting types for built-in function ‘asinf’
  _configtest.c:30: warning: conflicting types for built-in function ‘fabsf’
  _configtest.c:31: warning: conflicting types for built-in function ‘logf’
  _configtest.c:32: warning: conflicting types for built-in function ‘cbrtf’
  _configtest.c:33: warning: conflicting types for built-in function ‘floorf’
  _configtest.c:34: warning: conflicting types for built-in function ‘acosf’
  _configtest.c:35: warning: conflicting types for built-in function ‘copysignf’
  gcc -pthread _configtest.o -lm -o _configtest
  success!
  removing: _configtest.c _configtest.o _configtest
  C compiler: gcc -pthread -DNDEBUG -g -fwrapv -O3 -Wall -Wstrict-prototypes -fPIC
  
  compile options: '-Inumpy/core/src/private -Inumpy/core/src -Inumpy/core -Inumpy/core/src/npymath -Inumpy/core/src/multiarray -Inumpy/core/src/umath -Inumpy/core/src/npysort -I/opt/python/include/python3.3m -c'
  gcc: _configtest.c
  _configtest.c:1: warning: conflicting types for built-in function ‘sinl’
  _configtest.c:2: warning: conflicting types for built-in function ‘cosl’
  _configtest.c:3: warning: conflicting types for built-in function ‘tanl’
  _configtest.c:4: warning: conflicting types for built-in function ‘acoshl’
  _configtest.c:5: warning: conflicting types for built-in function ‘fmodl’
  _configtest.c:6: warning: conflicting types for built-in function ‘hypotl’
  _configtest.c:7: warning: conflicting types for built-in function ‘expm1l’
  _configtest.c:8: warning: conflicting types for built-in function ‘frexpl’
  _configtest.c:9: warning: conflicting types for built-in function ‘rintl’
  _configtest.c:10: warning: conflicting types for built-in function ‘atanl’
  _configtest.c:11: warning: conflicting types for built-in function ‘nextafterl’
  _configtest.c:12: warning: conflicting types for built-in function ‘ceill’
  _configtest.c:13: warning: conflicting types for built-in function ‘asinhl’
  _configtest.c:14: warning: conflicting types for built-in function ‘truncl’
  _configtest.c:15: warning: conflicting types for built-in function ‘powl’
  _configtest.c:16: warning: conflicting types for built-in function ‘cbrtl’
  _configtest.c:17: warning: conflicting types for built-in function ‘log1pl’
  _configtest.c:18: warning: conflicting types for built-in function ‘exp2l’
  _configtest.c:19: warning: conflicting types for built-in function ‘sinhl’
  _configtest.c:20: warning: conflicting types for built-in function ‘coshl’
  _configtest.c:21: warning: conflicting types for built-in function ‘sqrtl’
  _configtest.c:22: warning: conflicting types for built-in function ‘atanhl’
  _configtest.c:23: warning: conflicting types for built-in function ‘modfl’
  _configtest.c:24: warning: conflicting types for built-in function ‘expl’
  _configtest.c:25: warning: conflicting types for built-in function ‘ldexpl’
  _configtest.c:26: warning: conflicting types for built-in function ‘tanhl’
  _configtest.c:27: warning: conflicting types for built-in function ‘log10l’
  _configtest.c:28: warning: conflicting types for built-in function ‘floorl’
  _configtest.c:29: warning: conflicting types for built-in function ‘acosl’
  _configtest.c:30: warning: conflicting types for built-in function ‘copysignl’
  _configtest.c:31: warning: conflicting types for built-in function ‘asinl’
  _configtest.c:32: warning: conflicting types for built-in function ‘fabsl’
  _configtest.c:33: warning: conflicting types for built-in function ‘log2l’
  _configtest.c:34: warning: conflicting types for built-in function ‘atan2l’
  _configtest.c:35: warning: conflicting types for built-in function ‘logl’
  gcc -pthread _configtest.o -lm -o _configtest
  success!
  removing: _configtest.c _configtest.o _configtest
  C compiler: gcc -pthread -DNDEBUG -g -fwrapv -O3 -Wall -Wstrict-prototypes -fPIC
  
  compile options: '-Inumpy/core/src/private -Inumpy/core/src -Inumpy/core -Inumpy/core/src/npymath -Inumpy/core/src/multiarray -Inumpy/core/src/umath -Inumpy/core/src/npysort -I/opt/python/include/python3.3m -c'
  gcc: _configtest.c
  success!
  removing: _configtest.c _configtest.o
  C compiler: gcc -pthread -DNDEBUG -g -fwrapv -O3 -Wall -Wstrict-prototypes -fPIC
  
  compile options: '-Inumpy/core/src/private -Inumpy/core/src -Inumpy/core -Inumpy/core/src/npymath -Inumpy/core/src/multiarray -Inumpy/core/src/umath -Inumpy/core/src/npysort -I/opt/python/include/python3.3m -c'
  gcc: _configtest.c
  success!
  removing: _configtest.c _configtest.o
  C compiler: gcc -pthread -DNDEBUG -g -fwrapv -O3 -Wall -Wstrict-prototypes -fPIC
  
  compile options: '-Inumpy/core/src/private -Inumpy/core/src -Inumpy/core -Inumpy/core/src/npymath -Inumpy/core/src/multiarray -Inumpy/core/src/umath -Inumpy/core/src/npysort -I/opt/python/include/python3.3m -c'
  gcc: _configtest.c
  success!
  removing: _configtest.c _configtest.o
  C compiler: gcc -pthread -DNDEBUG -g -fwrapv -O3 -Wall -Wstrict-prototypes -fPIC
  
  compile options: '-Inumpy/core/src/private -Inumpy/core/src -Inumpy/core -Inumpy/core/src/npymath -Inumpy/core/src/multiarray -Inumpy/core/src/umath -Inumpy/core/src/npysort -I/opt/python/include/python3.3m -c'
  gcc: _configtest.c
  success!
  removing: _configtest.c _configtest.o
  C compiler: gcc -pthread -DNDEBUG -g -fwrapv -O3 -Wall -Wstrict-prototypes -fPIC
  
  compile options: '-Inumpy/core/src/private -Inumpy/core/src -Inumpy/core -Inumpy/core/src/npymath -Inumpy/core/src/multiarray -Inumpy/core/src/umath -Inumpy/core/src/npysort -I/opt/python/include/python3.3m -c'
  gcc: _configtest.c
  _configtest.c: In function ‘main’:
  _configtest.c:8: error: ‘HAVE_DECL_SIGNBIT’ undeclared (first use in this function)
  _configtest.c:8: error: (Each undeclared identifier is reported only once
  _configtest.c:8: error: for each function it appears in.)
  _configtest.c: In function âmainâ:
  _configtest.c:8: error: âHAVE_DECL_SIGNBITâ undeclared (first use in this function)
  _configtest.c:8: error: (Each undeclared identifier is reported only once
  _configtest.c:8: error: for each function it appears in.)
  failure.
  removing: _configtest.c _configtest.o
  C compiler: gcc -pthread -DNDEBUG -g -fwrapv -O3 -Wall -Wstrict-prototypes -fPIC
  
  compile options: '-Inumpy/core/src/private -Inumpy/core/src -Inumpy/core -Inumpy/core/src/npymath -Inumpy/core/src/multiarray -Inumpy/core/src/umath -Inumpy/core/src/npysort -I/opt/python/include/python3.3m -c'
  gcc: _configtest.c
  success!
  removing: _configtest.c _configtest.o
  C compiler: gcc -pthread -DNDEBUG -g -fwrapv -O3 -Wall -Wstrict-prototypes -fPIC
  
  compile options: '-Inumpy/core/src/private -Inumpy/core/src -Inumpy/core -Inumpy/core/src/npymath -Inumpy/core/src/multiarray -Inumpy/core/src/umath -Inumpy/core/src/npysort -I/opt/python/include/python3.3m -c'
  gcc: _configtest.c
  success!
  removing: _configtest.c _configtest.o
  C compiler: gcc -pthread -DNDEBUG -g -fwrapv -O3 -Wall -Wstrict-prototypes -fPIC
  
  compile options: '-Inumpy/core/src/private -Inumpy/core/src -Inumpy/core -Inumpy/core/src/npymath -Inumpy/core/src/multiarray -Inumpy/core/src/umath -Inumpy/core/src/npysort -I/opt/python/include/python3.3m -c'
  gcc: _configtest.c
  success!
  removing: _configtest.c _configtest.o
  C compiler: gcc -pthread -DNDEBUG -g -fwrapv -O3 -Wall -Wstrict-prototypes -fPIC
  
  compile options: '-Inumpy/core/src/private -Inumpy/core/src -Inumpy/core -Inumpy/core/src/npymath -Inumpy/core/src/multiarray -Inumpy/core/src/umath -Inumpy/core/src/npysort -I/opt/python/include/python3.3m -c'
  gcc: _configtest.c
  success!
  removing: _configtest.c _configtest.o
  C compiler: gcc -pthread -DNDEBUG -g -fwrapv -O3 -Wall -Wstrict-prototypes -fPIC
  
  compile options: '-Inumpy/core/src/private -Inumpy/core/src -Inumpy/core -Inumpy/core/src/npymath -Inumpy/core/src/multiarray -Inumpy/core/src/umath -Inumpy/core/src/npysort -I/opt/python/include/python3.3m -c'
  gcc: _configtest.c
  removing: _configtest.c _configtest.o
  C compiler: gcc -pthread -DNDEBUG -g -fwrapv -O3 -Wall -Wstrict-prototypes -fPIC
  
  compile options: '-Inumpy/core/src/private -Inumpy/core/src -Inumpy/core -Inumpy/core/src/npymath -Inumpy/core/src/multiarray -Inumpy/core/src/umath -Inumpy/core/src/npysort -I/opt/python/include/python3.3m -c'
  gcc: _configtest.c
  removing: _configtest.c _configtest.o
  C compiler: gcc -pthread -DNDEBUG -g -fwrapv -O3 -Wall -Wstrict-prototypes -fPIC
  
  compile options: '-Inumpy/core/src/private -Inumpy/core/src -Inumpy/core -Inumpy/core/src/npymath -Inumpy/core/src/multiarray -Inumpy/core/src/umath -Inumpy/core/src/npysort -I/opt/python/include/python3.3m -c'
  gcc: _configtest.c
  removing: _configtest.c _configtest.o
  C compiler: gcc -pthread -DNDEBUG -g -fwrapv -O3 -Wall -Wstrict-prototypes -fPIC
  
  compile options: '-Inumpy/core/src/private -Inumpy/core/src -Inumpy/core -Inumpy/core/src/npymath -Inumpy/core/src/multiarray -Inumpy/core/src/umath -Inumpy/core/src/npysort -I/opt/python/include/python3.3m -c'
  gcc: _configtest.c
  _configtest.c:1: warning: conflicting types for built-in function ‘conj’
  _configtest.c:2: warning: conflicting types for built-in function ‘creal’
  _configtest.c:3: warning: conflicting types for built-in function ‘carg’
  _configtest.c:4: warning: conflicting types for built-in function ‘cexp’
  _configtest.c:5: warning: conflicting types for built-in function ‘casinh’
  _configtest.c:6: warning: conflicting types for built-in function ‘casin’
  _configtest.c:7: warning: conflicting types for built-in function ‘cpow’
  _configtest.c:8: warning: conflicting types for built-in function ‘cacos’
  _configtest.c:9: warning: conflicting types for built-in function ‘csin’
  _configtest.c:10: warning: conflicting types for built-in function ‘cacosh’
  _configtest.c:11: warning: conflicting types for built-in function ‘csqrt’
  _configtest.c:12: warning: conflicting types for built-in function ‘ctanh’
  _configtest.c:13: warning: conflicting types for built-in function ‘csinh’
  _configtest.c:14: warning: conflicting types for built-in function ‘ccosh’
  _configtest.c:15: warning: conflicting types for built-in function ‘cabs’
  _configtest.c:16: warning: conflicting types for built-in function ‘ccos’
  _configtest.c:17: warning: conflicting types for built-in function ‘cimag’
  _configtest.c:18: warning: conflicting types for built-in function ‘catanh’
  _configtest.c:19: warning: conflicting types for built-in function ‘cproj’
  _configtest.c:20: warning: conflicting types for built-in function ‘ctan’
  _configtest.c:21: warning: conflicting types for built-in function ‘clog’
  _configtest.c:22: warning: conflicting types for built-in function ‘catan’
  gcc -pthread _configtest.o -lm -o _configtest
  success!
  removing: _configtest.c _configtest.o _configtest
  C compiler: gcc -pthread -DNDEBUG -g -fwrapv -O3 -Wall -Wstrict-prototypes -fPIC
  
  compile options: '-Inumpy/core/src/private -Inumpy/core/src -Inumpy/core -Inumpy/core/src/npymath -Inumpy/core/src/multiarray -Inumpy/core/src/umath -Inumpy/core/src/npysort -I/opt/python/include/python3.3m -c'
  gcc: _configtest.c
  _configtest.c:1: warning: conflicting types for built-in function ‘cpowf’
  _configtest.c:2: warning: conflicting types for built-in function ‘ctanf’
  _configtest.c:3: warning: conflicting types for built-in function ‘cabsf’
  _configtest.c:4: warning: conflicting types for built-in function ‘casinf’
  _configtest.c:5: warning: conflicting types for built-in function ‘csqrtf’
  _configtest.c:6: warning: conflicting types for built-in function ‘clogf’
  _configtest.c:7: warning: conflicting types for built-in function ‘ctanhf’
  _configtest.c:8: warning: conflicting types for built-in function ‘ccosf’
  _configtest.c:9: warning: conflicting types for built-in function ‘catanf’
  _configtest.c:10: warning: conflicting types for built-in function ‘csinf’
  _configtest.c:11: warning: conflicting types for built-in function ‘cacosf’
  _configtest.c:12: warning: conflicting types for built-in function ‘csinhf’
  _configtest.c:13: warning: conflicting types for built-in function ‘conjf’
  _configtest.c:14: warning: conflicting types for built-in function ‘cacoshf’
  _configtest.c:15: warning: conflicting types for built-in function ‘cimagf’
  _configtest.c:16: warning: conflicting types for built-in function ‘ccoshf’
  _configtest.c:17: warning: conflicting types for built-in function ‘cexpf’
  _configtest.c:18: warning: conflicting types for built-in function ‘catanhf’
  _configtest.c:19: warning: conflicting types for built-in function ‘crealf’
  _configtest.c:20: warning: conflicting types for built-in function ‘cargf’
  _configtest.c:21: warning: conflicting types for built-in function ‘casinhf’
  _configtest.c:22: warning: conflicting types for built-in function ‘cprojf’
  gcc -pthread _configtest.o -lm -o _configtest
  success!
  removing: _configtest.c _configtest.o _configtest
  C compiler: gcc -pthread -DNDEBUG -g -fwrapv -O3 -Wall -Wstrict-prototypes -fPIC
  
  compile options: '-Inumpy/core/src/private -Inumpy/core/src -Inumpy/core -Inumpy/core/src/npymath -Inumpy/core/src/multiarray -Inumpy/core/src/umath -Inumpy/core/src/npysort -I/opt/python/include/python3.3m -c'
  gcc: _configtest.c
  _configtest.c:1: warning: conflicting types for built-in function ‘clogl’
  _configtest.c:2: warning: conflicting types for built-in function ‘cabsl’
  _configtest.c:3: warning: conflicting types for built-in function ‘cpowl’
  _configtest.c:4: warning: conflicting types for built-in function ‘ctanl’
  _configtest.c:5: warning: conflicting types for built-in function ‘casinl’
  _configtest.c:6: warning: conflicting types for built-in function ‘catanl’
  _configtest.c:7: warning: conflicting types for built-in function ‘ccosl’
  _configtest.c:8: warning: conflicting types for built-in function ‘cacosl’
  _configtest.c:9: warning: conflicting types for built-in function ‘csinl’
  _configtest.c:10: warning: conflicting types for built-in function ‘csinhl’
  _configtest.c:11: warning: conflicting types for built-in function ‘cacoshl’
  _configtest.c:12: warning: conflicting types for built-in function ‘cimagl’
  _configtest.c:13: warning: conflicting types for built-in function ‘conjl’
  _configtest.c:14: warning: conflicting types for built-in function ‘csqrtl’
  _configtest.c:15: warning: conflicting types for built-in function ‘cprojl’
  _configtest.c:16: warning: conflicting types for built-in function ‘casinhl’
  _configtest.c:17: warning: conflicting types for built-in function ‘catanhl’
  _configtest.c:18: warning: conflicting types for built-in function ‘ccoshl’
  _configtest.c:19: warning: conflicting types for built-in function ‘cexpl’
  _configtest.c:20: warning: conflicting types for built-in function ‘cargl’
  _configtest.c:21: warning: conflicting types for built-in function ‘ctanhl’
  _configtest.c:22: warning: conflicting types for built-in function ‘creall’
  gcc -pthread _configtest.o -lm -o _configtest
  success!
  removing: _configtest.c _configtest.o _configtest
  C compiler: gcc -pthread -DNDEBUG -g -fwrapv -O3 -Wall -Wstrict-prototypes -fPIC
  
  compile options: '-Inumpy/core/src/private -Inumpy/core/src -Inumpy/core -Inumpy/core/src/npymath -Inumpy/core/src/multiarray -Inumpy/core/src/umath -Inumpy/core/src/npysort -I/opt/python/include/python3.3m -c'
  gcc: _configtest.c
  _configtest.c:2: error: expected ‘;’, ‘,’ or ‘)’ before ‘a’
  _configtest.c:2: error: expected â;â, â,â or â)â before âaâ
  failure.
  removing: _configtest.c _configtest.o
  C compiler: gcc -pthread -DNDEBUG -g -fwrapv -O3 -Wall -Wstrict-prototypes -fPIC
  
  compile options: '-Inumpy/core/src/private -Inumpy/core/src -Inumpy/core -Inumpy/core/src/npymath -Inumpy/core/src/multiarray -Inumpy/core/src/umath -Inumpy/core/src/npysort -I/opt/python/include/python3.3m -c'
  gcc: _configtest.c
  _configtest.c:2: warning: ‘static_func’ defined but not used
  success!
  removing: _configtest.c _configtest.o
  C compiler: gcc -pthread -DNDEBUG -g -fwrapv -O3 -Wall -Wstrict-prototypes -fPIC
  
  compile options: '-Inumpy/core/src/private -Inumpy/core/src -Inumpy/core -Inumpy/core/src/npymath -Inumpy/core/src/multiarray -Inumpy/core/src/umath -Inumpy/core/src/npysort -I/opt/python/include/python3.3m -c'
  gcc: _configtest.c
  success!
  removing: _configtest.c _configtest.o
  C compiler: gcc -pthread -DNDEBUG -g -fwrapv -O3 -Wall -Wstrict-prototypes -fPIC
  
  compile options: '-Inumpy/core/src/private -Inumpy/core/src -Inumpy/core -Inumpy/core/src/npymath -Inumpy/core/src/multiarray -Inumpy/core/src/umath -Inumpy/core/src/npysort -I/opt/python/include/python3.3m -c'
  gcc: _configtest.c
  success!
  removing: _configtest.c _configtest.o
  C compiler: gcc -pthread -DNDEBUG -g -fwrapv -O3 -Wall -Wstrict-prototypes -fPIC
  
  compile options: '-Inumpy/core/src/private -Inumpy/core/src -Inumpy/core -Inumpy/core/src/npymath -Inumpy/core/src/multiarray -Inumpy/core/src/umath -Inumpy/core/src/npysort -I/opt/python/include/python3.3m -c'
  gcc: _configtest.c
  removing: _configtest.c _configtest.o
  File: build/src.linux-x86_64-3.3/numpy/core/include/numpy/config.h
  #define HAVE_ENDIAN_H 1
  #define SIZEOF_PY_INTPTR_T 8
  #define SIZEOF_OFF_T 8
  #define SIZEOF_PY_LONG_LONG 8
  #define MATHLIB m
  #define HAVE_SIN 1
  #define HAVE_COS 1
  #define HAVE_TAN 1
  #define HAVE_SINH 1
  #define HAVE_COSH 1
  #define HAVE_TANH 1
  #define HAVE_FABS 1
  #define HAVE_FLOOR 1
  #define HAVE_CEIL 1
  #define HAVE_SQRT 1
  #define HAVE_LOG10 1
  #define HAVE_LOG 1
  #define HAVE_EXP 1
  #define HAVE_ASIN 1
  #define HAVE_ACOS 1
  #define HAVE_ATAN 1
  #define HAVE_FMOD 1
  #define HAVE_MODF 1
  #define HAVE_FREXP 1
  #define HAVE_LDEXP 1
  #define HAVE_RINT 1
  #define HAVE_TRUNC 1
  #define HAVE_EXP2 1
  #define HAVE_LOG2 1
  #define HAVE_ATAN2 1
  #define HAVE_POW 1
  #define HAVE_NEXTAFTER 1
  #define HAVE_STRTOLL 1
  #define HAVE_STRTOULL 1
  #define HAVE_CBRT 1
  #define HAVE_STRTOLD_L 1
  #define HAVE_FALLOCATE 1
  #define HAVE_XMMINTRIN_H 1
  #define HAVE_EMMINTRIN_H 1
  #define HAVE_FEATURES_H 1
  #define HAVE___BUILTIN_ISNAN 1
  #define HAVE___BUILTIN_ISINF 1
  #define HAVE___BUILTIN_ISFINITE 1
  #define HAVE___BUILTIN_BSWAP32 1
  #define HAVE___BUILTIN_BSWAP64 1
  #define HAVE___BUILTIN_EXPECT 1
  #define HAVE__MM_LOAD_PS 1
  #define HAVE__MM_PREFETCH 1
  #define HAVE__MM_LOAD_PD 1
  #define HAVE___BUILTIN_PREFETCH 1
  #define HAVE_ATTRIBUTE_OPTIMIZE_UNROLL_LOOPS 1
  #define HAVE_ATTRIBUTE_OPTIMIZE_OPT_3 1
  #define HAVE_ATTRIBUTE_NONNULL 1
  #define HAVE___THREAD 1
  #define HAVE_SINF 1
  #define HAVE_COSF 1
  #define HAVE_TANF 1
  #define HAVE_SINHF 1
  #define HAVE_COSHF 1
  #define HAVE_TANHF 1
  #define HAVE_FABSF 1
  #define HAVE_FLOORF 1
  #define HAVE_CEILF 1
  #define HAVE_RINTF 1
  #define HAVE_TRUNCF 1
  #define HAVE_SQRTF 1
  #define HAVE_LOG10F 1
  #define HAVE_LOGF 1
  #define HAVE_LOG1PF 1
  #define HAVE_EXPF 1
  #define HAVE_EXPM1F 1
  #define HAVE_ASINF 1
  #define HAVE_ACOSF 1
  #define HAVE_ATANF 1
  #define HAVE_ASINHF 1
  #define HAVE_ACOSHF 1
  #define HAVE_ATANHF 1
  #define HAVE_HYPOTF 1
  #define HAVE_ATAN2F 1
  #define HAVE_POWF 1
  #define HAVE_FMODF 1
  #define HAVE_MODFF 1
  #define HAVE_FREXPF 1
  #define HAVE_LDEXPF 1
  #define HAVE_EXP2F 1
  #define HAVE_LOG2F 1
  #define HAVE_COPYSIGNF 1
  #define HAVE_NEXTAFTERF 1
  #define HAVE_CBRTF 1
  #define HAVE_SINL 1
  #define HAVE_COSL 1
  #define HAVE_TANL 1
  #define HAVE_SINHL 1
  #define HAVE_COSHL 1
  #define HAVE_TANHL 1
  #define HAVE_FABSL 1
  #define HAVE_FLOORL 1
  #define HAVE_CEILL 1
  #define HAVE_RINTL 1
  #define HAVE_TRUNCL 1
  #define HAVE_SQRTL 1
  #define HAVE_LOG10L 1
  #define HAVE_LOGL 1
  #define HAVE_LOG1PL 1
  #define HAVE_EXPL 1
  #define HAVE_EXPM1L 1
  #define HAVE_ASINL 1
  #define HAVE_ACOSL 1
  #define HAVE_ATANL 1
  #define HAVE_ASINHL 1
  #define HAVE_ACOSHL 1
  #define HAVE_ATANHL 1
  #define HAVE_HYPOTL 1
  #define HAVE_ATAN2L 1
  #define HAVE_POWL 1
  #define HAVE_FMODL 1
  #define HAVE_MODFL 1
  #define HAVE_FREXPL 1
  #define HAVE_LDEXPL 1
  #define HAVE_EXP2L 1
  #define HAVE_LOG2L 1
  #define HAVE_COPYSIGNL 1
  #define HAVE_NEXTAFTERL 1
  #define HAVE_CBRTL 1
  #define HAVE_DECL_SIGNBIT
  #define HAVE_COMPLEX_H 1
  #define HAVE_CABS 1
  #define HAVE_CACOS 1
  #define HAVE_CACOSH 1
  #define HAVE_CARG 1
  #define HAVE_CASIN 1
  #define HAVE_CASINH 1
  #define HAVE_CATAN 1
  #define HAVE_CATANH 1
  #define HAVE_CCOS 1
  #define HAVE_CCOSH 1
  #define HAVE_CEXP 1
  #define HAVE_CIMAG 1
  #define HAVE_CLOG 1
  #define HAVE_CONJ 1
  #define HAVE_CPOW 1
  #define HAVE_CPROJ 1
  #define HAVE_CREAL 1
  #define HAVE_CSIN 1
  #define HAVE_CSINH 1
  #define HAVE_CSQRT 1
  #define HAVE_CTAN 1
  #define HAVE_CTANH 1
  #define HAVE_CABSF 1
  #define HAVE_CACOSF 1
  #define HAVE_CACOSHF 1
  #define HAVE_CARGF 1
  #define HAVE_CASINF 1
  #define HAVE_CASINHF 1
  #define HAVE_CATANF 1
  #define HAVE_CATANHF 1
  #define HAVE_CCOSF 1
  #define HAVE_CCOSHF 1
  #define HAVE_CEXPF 1
  #define HAVE_CIMAGF 1
  #define HAVE_CLOGF 1
  #define HAVE_CONJF 1
  #define HAVE_CPOWF 1
  #define HAVE_CPROJF 1
  #define HAVE_CREALF 1
  #define HAVE_CSINF 1
  #define HAVE_CSINHF 1
  #define HAVE_CSQRTF 1
  #define HAVE_CTANF 1
  #define HAVE_CTANHF 1
  #define HAVE_CABSL 1
  #define HAVE_CACOSL 1
  #define HAVE_CACOSHL 1
  #define HAVE_CARGL 1
  #define HAVE_CASINL 1
  #define HAVE_CASINHL 1
  #define HAVE_CATANL 1
  #define HAVE_CATANHL 1
  #define HAVE_CCOSL 1
  #define HAVE_CCOSHL 1
  #define HAVE_CEXPL 1
  #define HAVE_CIMAGL 1
  #define HAVE_CLOGL 1
  #define HAVE_CONJL 1
  #define HAVE_CPOWL 1
  #define HAVE_CPROJL 1
  #define HAVE_CREALL 1
  #define HAVE_CSINL 1
  #define HAVE_CSINHL 1
  #define HAVE_CSQRTL 1
  #define HAVE_CTANL 1
  #define HAVE_CTANHL 1
  #define NPY_RESTRICT __restrict__
  #define HAVE_LDOUBLE_INTEL_EXTENDED_16_BYTES_LE 1
  #define NPY_PY3K 1
  #ifndef __cplusplus
  /* #undef inline */
  #endif
  
  #ifndef _NPY_NPY_CONFIG_H_
  #error config.h should never be included directly, include npy_config.h instead
  #endif
  
  EOF
    adding 'build/src.linux-x86_64-3.3/numpy/core/include/numpy/config.h' to sources.
  Generating build/src.linux-x86_64-3.3/numpy/core/include/numpy/_numpyconfig.h
  C compiler: gcc -pthread -DNDEBUG -g -fwrapv -O3 -Wall -Wstrict-prototypes -fPIC
  
  compile options: '-Inumpy/core/src/private -Inumpy/core/src -Inumpy/core -Inumpy/core/src/npymath -Inumpy/core/src/multiarray -Inumpy/core/src/umath -Inumpy/core/src/npysort -I/opt/python/include/python3.3m -c'
  gcc: _configtest.c
  _configtest.c:1: warning: conflicting types for built-in function ‘exp’
  gcc -pthread _configtest.o -o _configtest
  _configtest.o: In function `main':
  /tmp/pip-build-f_v1sx/numpy/_configtest.c:6: undefined reference to `exp'
  collect2: ld returned 1 exit status
  _configtest.o: In function `main':
  /tmp/pip-build-f_v1sx/numpy/_configtest.c:6: undefined reference to `exp'
  collect2: ld returned 1 exit status
  failure.
  removing: _configtest.c _configtest.o
  C compiler: gcc -pthread -DNDEBUG -g -fwrapv -O3 -Wall -Wstrict-prototypes -fPIC
  
  compile options: '-Inumpy/core/src/private -Inumpy/core/src -Inumpy/core -Inumpy/core/src/npymath -Inumpy/core/src/multiarray -Inumpy/core/src/umath -Inumpy/core/src/npysort -I/opt/python/include/python3.3m -c'
  gcc: _configtest.c
  _configtest.c:1: warning: conflicting types for built-in function ‘exp’
  gcc -pthread _configtest.o -lm -o _configtest
  success!
  removing: _configtest.c _configtest.o _configtest
  C compiler: gcc -pthread -DNDEBUG -g -fwrapv -O3 -Wall -Wstrict-prototypes -fPIC
  
  compile options: '-Inumpy/core/src/private -Inumpy/core/src -Inumpy/core -Inumpy/core/src/npymath -Inumpy/core/src/multiarray -Inumpy/core/src/umath -Inumpy/core/src/npysort -I/opt/python/include/python3.3m -c'
  gcc: _configtest.c
  success!
  removing: _configtest.c _configtest.o
  C compiler: gcc -pthread -DNDEBUG -g -fwrapv -O3 -Wall -Wstrict-prototypes -fPIC
  
  compile options: '-Inumpy/core/src/private -Inumpy/core/src -Inumpy/core -Inumpy/core/src/npymath -Inumpy/core/src/multiarray -Inumpy/core/src/umath -Inumpy/core/src/npysort -I/opt/python/include/python3.3m -c'
  gcc: _configtest.c
  _configtest.c:4: warning: function declaration isn’t a prototype
  success!
  removing: _configtest.c _configtest.o
  File: build/src.linux-x86_64-3.3/numpy/core/include/numpy/_numpyconfig.h
  #define NPY_HAVE_ENDIAN_H 1
  #define NPY_SIZEOF_SHORT SIZEOF_SHORT
  #define NPY_SIZEOF_INT SIZEOF_INT
  #define NPY_SIZEOF_LONG SIZEOF_LONG
  #define NPY_SIZEOF_FLOAT 4
  #define NPY_SIZEOF_COMPLEX_FLOAT 8
  #define NPY_SIZEOF_DOUBLE 8
  #define NPY_SIZEOF_COMPLEX_DOUBLE 16
  #define NPY_SIZEOF_LONGDOUBLE 16
  #define NPY_SIZEOF_COMPLEX_LONGDOUBLE 32
  #define NPY_SIZEOF_PY_INTPTR_T 8
  #define NPY_SIZEOF_OFF_T 8
  #define NPY_SIZEOF_PY_LONG_LONG 8
  #define NPY_SIZEOF_LONGLONG 8
  #define NPY_NO_SMP 0
  #define NPY_HAVE_DECL_ISNAN
  #define NPY_HAVE_DECL_ISINF
  #define NPY_HAVE_DECL_ISFINITE
  #define NPY_HAVE_DECL_SIGNBIT
  #define NPY_USE_C99_COMPLEX 1
  #define NPY_HAVE_COMPLEX_DOUBLE 1
  #define NPY_HAVE_COMPLEX_FLOAT 1
  #define NPY_HAVE_COMPLEX_LONG_DOUBLE 1
  #define NPY_USE_C99_FORMATS 1
  #define NPY_VISIBILITY_HIDDEN __attribute__((visibility("hidden")))
  #define NPY_ABI_VERSION 0x01000009
  #define NPY_API_VERSION 0x0000000A
  
  #ifndef __STDC_FORMAT_MACROS
  #define __STDC_FORMAT_MACROS 1
  #endif
  
  EOF
    adding 'build/src.linux-x86_64-3.3/numpy/core/include/numpy/_numpyconfig.h' to sources.
  executing numpy/core/code_generators/generate_numpy_api.py
    adding 'build/src.linux-x86_64-3.3/numpy/core/include/numpy/__multiarray_api.h' to sources.
  numpy.core - nothing done with h_files = ['build/src.linux-x86_64-3.3/numpy/core/include/numpy/config.h', 'build/src.linux-x86_64-3.3/numpy/core/include/numpy/_numpyconfig.h', 'build/src.linux-x86_64-3.3/numpy/core/include/numpy/__multiarray_api.h']
  building extension "numpy.core.multiarray" sources
    adding 'build/src.linux-x86_64-3.3/numpy/core/include/numpy/config.h' to sources.
    adding 'build/src.linux-x86_64-3.3/numpy/core/include/numpy/_numpyconfig.h' to sources.
  executing numpy/core/code_generators/generate_numpy_api.py
    adding 'build/src.linux-x86_64-3.3/numpy/core/include/numpy/__multiarray_api.h' to sources.
  creating build/src.linux-x86_64-3.3/numpy/core/src/multiarray
  conv_template:> build/src.linux-x86_64-3.3/numpy/core/src/multiarray/arraytypes.c
  conv_template:> build/src.linux-x86_64-3.3/numpy/core/src/multiarray/einsum.c
  conv_template:> build/src.linux-x86_64-3.3/numpy/core/src/multiarray/lowlevel_strided_loops.c
  conv_template:> build/src.linux-x86_64-3.3/numpy/core/src/multiarray/nditer_templ.c
  conv_template:> build/src.linux-x86_64-3.3/numpy/core/src/multiarray/scalartypes.c
  conv_template:> build/src.linux-x86_64-3.3/numpy/core/src/private/templ_common.h
    adding 'build/src.linux-x86_64-3.3/numpy/core/src/private' to include_dirs.
  numpy.core - nothing done with h_files = ['build/src.linux-x86_64-3.3/numpy/core/src/private/templ_common.h', 'build/src.linux-x86_64-3.3/numpy/core/include/numpy/config.h', 'build/src.linux-x86_64-3.3/numpy/core/include/numpy/_numpyconfig.h', 'build/src.linux-x86_64-3.3/numpy/core/include/numpy/__multiarray_api.h']
  building extension "numpy.core.umath" sources
    adding 'build/src.linux-x86_64-3.3/numpy/core/include/numpy/config.h' to sources.
    adding 'build/src.linux-x86_64-3.3/numpy/core/include/numpy/_numpyconfig.h' to sources.
  executing numpy/core/code_generators/generate_ufunc_api.py
    adding 'build/src.linux-x86_64-3.3/numpy/core/include/numpy/__ufunc_api.h' to sources.
  creating build/src.linux-x86_64-3.3/numpy/core/src/umath
  conv_template:> build/src.linux-x86_64-3.3/numpy/core/src/umath/funcs.inc
    adding 'build/src.linux-x86_64-3.3/numpy/core/src/umath' to include_dirs.
  conv_template:> build/src.linux-x86_64-3.3/numpy/core/src/umath/simd.inc
  conv_template:> build/src.linux-x86_64-3.3/numpy/core/src/umath/loops.h
  conv_template:> build/src.linux-x86_64-3.3/numpy/core/src/umath/loops.c
  conv_template:> build/src.linux-x86_64-3.3/numpy/core/src/umath/scalarmath.c
  numpy.core - nothing done with h_files = ['build/src.linux-x86_64-3.3/numpy/core/src/umath/funcs.inc', 'build/src.linux-x86_64-3.3/numpy/core/src/umath/simd.inc', 'build/src.linux-x86_64-3.3/numpy/core/src/umath/loops.h', 'build/src.linux-x86_64-3.3/numpy/core/include/numpy/config.h', 'build/src.linux-x86_64-3.3/numpy/core/include/numpy/_numpyconfig.h', 'build/src.linux-x86_64-3.3/numpy/core/include/numpy/__ufunc_api.h']
  building extension "numpy.core.umath_tests" sources
  conv_template:> build/src.linux-x86_64-3.3/numpy/core/src/umath/umath_tests.c
  building extension "numpy.core.test_rational" sources
  conv_template:> build/src.linux-x86_64-3.3/numpy/core/src/umath/test_rational.c
  building extension "numpy.core.struct_ufunc_test" sources
  conv_template:> build/src.linux-x86_64-3.3/numpy/core/src/umath/struct_ufunc_test.c
  building extension "numpy.core.multiarray_tests" sources
  conv_template:> build/src.linux-x86_64-3.3/numpy/core/src/multiarray/multiarray_tests.c
  building extension "numpy.core.operand_flag_tests" sources
  conv_template:> build/src.linux-x86_64-3.3/numpy/core/src/umath/operand_flag_tests.c
  building extension "numpy.fft.fftpack_lite" sources
  building extension "numpy.linalg.lapack_lite" sources
  creating build/src.linux-x86_64-3.3/numpy/linalg
  ### Warning:  Using unoptimized lapack ###
    adding 'numpy/linalg/lapack_lite/python_xerbla.c' to sources.
    adding 'numpy/linalg/lapack_lite/zlapack_lite.c' to sources.
    adding 'numpy/linalg/lapack_lite/dlapack_lite.c' to sources.
    adding 'numpy/linalg/lapack_lite/blas_lite.c' to sources.
    adding 'numpy/linalg/lapack_lite/dlamch.c' to sources.
    adding 'numpy/linalg/lapack_lite/f2c_lite.c' to sources.
  building extension "numpy.linalg._umath_linalg" sources
  ### Warning:  Using unoptimized lapack ###
    adding 'numpy/linalg/lapack_lite/python_xerbla.c' to sources.
    adding 'numpy/linalg/lapack_lite/zlapack_lite.c' to sources.
    adding 'numpy/linalg/lapack_lite/dlapack_lite.c' to sources.
    adding 'numpy/linalg/lapack_lite/blas_lite.c' to sources.
    adding 'numpy/linalg/lapack_lite/dlamch.c' to sources.
    adding 'numpy/linalg/lapack_lite/f2c_lite.c' to sources.
  conv_template:> build/src.linux-x86_64-3.3/numpy/linalg/umath_linalg.c
  building extension "numpy.random.mtrand" sources
  creating build/src.linux-x86_64-3.3/numpy/random
  building data_files sources
  build_src: building npy-pkg config files
  running build_py
  creating build/lib.linux-x86_64-3.3
  creating build/lib.linux-x86_64-3.3/numpy
  copying numpy/matlib.py -> build/lib.linux-x86_64-3.3/numpy
  copying numpy/add_newdocs.py -> build/lib.linux-x86_64-3.3/numpy
  copying numpy/__init__.py -> build/lib.linux-x86_64-3.3/numpy
  copying numpy/dual.py -> build/lib.linux-x86_64-3.3/numpy
  copying numpy/ctypeslib.py -> build/lib.linux-x86_64-3.3/numpy
  copying numpy/setup.py -> build/lib.linux-x86_64-3.3/numpy
  copying numpy/_import_tools.py -> build/lib.linux-x86_64-3.3/numpy
  copying numpy/version.py -> build/lib.linux-x86_64-3.3/numpy
  copying build/src.linux-x86_64-3.3/numpy/__config__.py -> build/lib.linux-x86_64-3.3/numpy
  creating build/lib.linux-x86_64-3.3/numpy/compat
  copying numpy/compat/_inspect.py -> build/lib.linux-x86_64-3.3/numpy/compat
  copying numpy/compat/py3k.py -> build/lib.linux-x86_64-3.3/numpy/compat
  copying numpy/compat/__init__.py -> build/lib.linux-x86_64-3.3/numpy/compat
  copying numpy/compat/setup.py -> build/lib.linux-x86_64-3.3/numpy/compat
  creating build/lib.linux-x86_64-3.3/numpy/core
  copying numpy/core/getlimits.py -> build/lib.linux-x86_64-3.3/numpy/core
  copying numpy/core/records.py -> build/lib.linux-x86_64-3.3/numpy/core
  copying numpy/core/numerictypes.py -> build/lib.linux-x86_64-3.3/numpy/core
  copying numpy/core/arrayprint.py -> build/lib.linux-x86_64-3.3/numpy/core
  copying numpy/core/_internal.py -> build/lib.linux-x86_64-3.3/numpy/core
  copying numpy/core/__init__.py -> build/lib.linux-x86_64-3.3/numpy/core
  copying numpy/core/function_base.py -> build/lib.linux-x86_64-3.3/numpy/core
  copying numpy/core/_methods.py -> build/lib.linux-x86_64-3.3/numpy/core
  copying numpy/core/shape_base.py -> build/lib.linux-x86_64-3.3/numpy/core
  copying numpy/core/memmap.py -> build/lib.linux-x86_64-3.3/numpy/core
  copying numpy/core/setup.py -> build/lib.linux-x86_64-3.3/numpy/core
  copying numpy/core/fromnumeric.py -> build/lib.linux-x86_64-3.3/numpy/core
  copying numpy/core/setup_common.py -> build/lib.linux-x86_64-3.3/numpy/core
  copying numpy/core/numeric.py -> build/lib.linux-x86_64-3.3/numpy/core
  copying numpy/core/machar.py -> build/lib.linux-x86_64-3.3/numpy/core
  copying numpy/core/cversions.py -> build/lib.linux-x86_64-3.3/numpy/core
  copying numpy/core/defchararray.py -> build/lib.linux-x86_64-3.3/numpy/core
  copying numpy/core/info.py -> build/lib.linux-x86_64-3.3/numpy/core
  copying numpy/core/code_generators/generate_numpy_api.py -> build/lib.linux-x86_64-3.3/numpy/core
  creating build/lib.linux-x86_64-3.3/numpy/distutils
  copying numpy/distutils/from_template.py -> build/lib.linux-x86_64-3.3/numpy/distutils
  copying numpy/distutils/intelccompiler.py -> build/lib.linux-x86_64-3.3/numpy/distutils
  copying numpy/distutils/log.py -> build/lib.linux-x86_64-3.3/numpy/distutils
  copying numpy/distutils/misc_util.py -> build/lib.linux-x86_64-3.3/numpy/distutils
  copying numpy/distutils/cpuinfo.py -> build/lib.linux-x86_64-3.3/numpy/distutils
  copying numpy/distutils/__init__.py -> build/lib.linux-x86_64-3.3/numpy/distutils
  copying numpy/distutils/line_endings.py -> build/lib.linux-x86_64-3.3/numpy/distutils
  copying numpy/distutils/mingw32ccompiler.py -> build/lib.linux-x86_64-3.3/numpy/distutils
  copying numpy/distutils/msvc9compiler.py -> build/lib.linux-x86_64-3.3/numpy/distutils
  copying numpy/distutils/system_info.py -> build/lib.linux-x86_64-3.3/numpy/distutils
  copying numpy/distutils/__version__.py -> build/lib.linux-x86_64-3.3/numpy/distutils
  copying numpy/distutils/setup.py -> build/lib.linux-x86_64-3.3/numpy/distutils
  copying numpy/distutils/unixccompiler.py -> build/lib.linux-x86_64-3.3/numpy/distutils
  copying numpy/distutils/lib2def.py -> build/lib.linux-x86_64-3.3/numpy/distutils
  copying numpy/distutils/pathccompiler.py -> build/lib.linux-x86_64-3.3/numpy/distutils
  copying numpy/distutils/npy_pkg_config.py -> build/lib.linux-x86_64-3.3/numpy/distutils
  copying numpy/distutils/ccompiler.py -> build/lib.linux-x86_64-3.3/numpy/distutils
  copying numpy/distutils/conv_template.py -> build/lib.linux-x86_64-3.3/numpy/distutils
  copying numpy/distutils/core.py -> build/lib.linux-x86_64-3.3/numpy/distutils
  copying numpy/distutils/exec_command.py -> build/lib.linux-x86_64-3.3/numpy/distutils
  copying numpy/distutils/extension.py -> build/lib.linux-x86_64-3.3/numpy/distutils
  copying numpy/distutils/msvccompiler.py -> build/lib.linux-x86_64-3.3/numpy/distutils
  copying numpy/distutils/compat.py -> build/lib.linux-x86_64-3.3/numpy/distutils
  copying numpy/distutils/environment.py -> build/lib.linux-x86_64-3.3/numpy/distutils
  copying numpy/distutils/numpy_distribution.py -> build/lib.linux-x86_64-3.3/numpy/distutils
  copying numpy/distutils/info.py -> build/lib.linux-x86_64-3.3/numpy/distutils
  copying build/src.linux-x86_64-3.3/numpy/distutils/__config__.py -> build/lib.linux-x86_64-3.3/numpy/distutils
  creating build/lib.linux-x86_64-3.3/numpy/distutils/command
  copying numpy/distutils/command/install.py -> build/lib.linux-x86_64-3.3/numpy/distutils/command
  copying numpy/distutils/command/install_clib.py -> build/lib.linux-x86_64-3.3/numpy/distutils/command
  copying numpy/distutils/command/bdist_rpm.py -> build/lib.linux-x86_64-3.3/numpy/distutils/command
  copying numpy/distutils/command/__init__.py -> build/lib.linux-x86_64-3.3/numpy/distutils/command
  copying numpy/distutils/command/build_py.py -> build/lib.linux-x86_64-3.3/numpy/distutils/command
  copying numpy/distutils/command/build_src.py -> build/lib.linux-x86_64-3.3/numpy/distutils/command
  copying numpy/distutils/command/egg_info.py -> build/lib.linux-x86_64-3.3/numpy/distutils/command
  copying numpy/distutils/command/install_data.py -> build/lib.linux-x86_64-3.3/numpy/distutils/command
  copying numpy/distutils/command/build_ext.py -> build/lib.linux-x86_64-3.3/numpy/distutils/command
  copying numpy/distutils/command/build_scripts.py -> build/lib.linux-x86_64-3.3/numpy/distutils/command
  copying numpy/distutils/command/install_headers.py -> build/lib.linux-x86_64-3.3/numpy/distutils/command
  copying numpy/distutils/command/sdist.py -> build/lib.linux-x86_64-3.3/numpy/distutils/command
  copying numpy/distutils/command/build_clib.py -> build/lib.linux-x86_64-3.3/numpy/distutils/command
  copying numpy/distutils/command/build.py -> build/lib.linux-x86_64-3.3/numpy/distutils/command
  copying numpy/distutils/command/config.py -> build/lib.linux-x86_64-3.3/numpy/distutils/command
  copying numpy/distutils/command/config_compiler.py -> build/lib.linux-x86_64-3.3/numpy/distutils/command
  copying numpy/distutils/command/autodist.py -> build/lib.linux-x86_64-3.3/numpy/distutils/command
  copying numpy/distutils/command/develop.py -> build/lib.linux-x86_64-3.3/numpy/distutils/command
  creating build/lib.linux-x86_64-3.3/numpy/distutils/fcompiler
  copying numpy/distutils/fcompiler/__init__.py -> build/lib.linux-x86_64-3.3/numpy/distutils/fcompiler
  copying numpy/distutils/fcompiler/sun.py -> build/lib.linux-x86_64-3.3/numpy/distutils/fcompiler
  copying numpy/distutils/fcompiler/absoft.py -> build/lib.linux-x86_64-3.3/numpy/distutils/fcompiler
  copying numpy/distutils/fcompiler/intel.py -> build/lib.linux-x86_64-3.3/numpy/distutils/fcompiler
  copying numpy/distutils/fcompiler/ibm.py -> build/lib.linux-x86_64-3.3/numpy/distutils/fcompiler
  copying numpy/distutils/fcompiler/pathf95.py -> build/lib.linux-x86_64-3.3/numpy/distutils/fcompiler
  copying numpy/distutils/fcompiler/hpux.py -> build/lib.linux-x86_64-3.3/numpy/distutils/fcompiler
  copying numpy/distutils/fcompiler/mips.py -> build/lib.linux-x86_64-3.3/numpy/distutils/fcompiler
  copying numpy/distutils/fcompiler/lahey.py -> build/lib.linux-x86_64-3.3/numpy/distutils/fcompiler
  copying numpy/distutils/fcompiler/vast.py -> build/lib.linux-x86_64-3.3/numpy/distutils/fcompiler
  copying numpy/distutils/fcompiler/none.py -> build/lib.linux-x86_64-3.3/numpy/distutils/fcompiler
  copying numpy/distutils/fcompiler/compaq.py -> build/lib.linux-x86_64-3.3/numpy/distutils/fcompiler
  copying numpy/distutils/fcompiler/g95.py -> build/lib.linux-x86_64-3.3/numpy/distutils/fcompiler
  copying numpy/distutils/fcompiler/nag.py -> build/lib.linux-x86_64-3.3/numpy/distutils/fcompiler
  copying numpy/distutils/fcompiler/gnu.py -> build/lib.linux-x86_64-3.3/numpy/distutils/fcompiler
  copying numpy/distutils/fcompiler/pg.py -> build/lib.linux-x86_64-3.3/numpy/distutils/fcompiler
  creating build/lib.linux-x86_64-3.3/numpy/doc
  copying numpy/doc/subclassing.py -> build/lib.linux-x86_64-3.3/numpy/doc
  copying numpy/doc/glossary.py -> build/lib.linux-x86_64-3.3/numpy/doc
  copying numpy/doc/broadcasting.py -> build/lib.linux-x86_64-3.3/numpy/doc
  copying numpy/doc/creation.py -> build/lib.linux-x86_64-3.3/numpy/doc
  copying numpy/doc/__init__.py -> build/lib.linux-x86_64-3.3/numpy/doc
  copying numpy/doc/indexing.py -> build/lib.linux-x86_64-3.3/numpy/doc
  copying numpy/doc/constants.py -> build/lib.linux-x86_64-3.3/numpy/doc
  copying numpy/doc/ufuncs.py -> build/lib.linux-x86_64-3.3/numpy/doc
  copying numpy/doc/internals.py -> build/lib.linux-x86_64-3.3/numpy/doc
  copying numpy/doc/basics.py -> build/lib.linux-x86_64-3.3/numpy/doc
  copying numpy/doc/structured_arrays.py -> build/lib.linux-x86_64-3.3/numpy/doc
  copying numpy/doc/byteswapping.py -> build/lib.linux-x86_64-3.3/numpy/doc
  copying numpy/doc/misc.py -> build/lib.linux-x86_64-3.3/numpy/doc
  creating build/lib.linux-x86_64-3.3/numpy/f2py
  copying numpy/f2py/f2py_testing.py -> build/lib.linux-x86_64-3.3/numpy/f2py
  copying numpy/f2py/cb_rules.py -> build/lib.linux-x86_64-3.3/numpy/f2py
  copying numpy/f2py/func2subr.py -> build/lib.linux-x86_64-3.3/numpy/f2py
  copying numpy/f2py/use_rules.py -> build/lib.linux-x86_64-3.3/numpy/f2py
  copying numpy/f2py/__init__.py -> build/lib.linux-x86_64-3.3/numpy/f2py
  copying numpy/f2py/cfuncs.py -> build/lib.linux-x86_64-3.3/numpy/f2py
  copying numpy/f2py/__version__.py -> build/lib.linux-x86_64-3.3/numpy/f2py
  copying numpy/f2py/capi_maps.py -> build/lib.linux-x86_64-3.3/numpy/f2py
  copying numpy/f2py/setup.py -> build/lib.linux-x86_64-3.3/numpy/f2py
  copying numpy/f2py/common_rules.py -> build/lib.linux-x86_64-3.3/numpy/f2py
  copying numpy/f2py/f2py2e.py -> build/lib.linux-x86_64-3.3/numpy/f2py
  copying numpy/f2py/__main__.py -> build/lib.linux-x86_64-3.3/numpy/f2py
  copying numpy/f2py/auxfuncs.py -> build/lib.linux-x86_64-3.3/numpy/f2py
  copying numpy/f2py/rules.py -> build/lib.linux-x86_64-3.3/numpy/f2py
  copying numpy/f2py/diagnose.py -> build/lib.linux-x86_64-3.3/numpy/f2py
  copying numpy/f2py/crackfortran.py -> build/lib.linux-x86_64-3.3/numpy/f2py
  copying numpy/f2py/f90mod_rules.py -> build/lib.linux-x86_64-3.3/numpy/f2py
  copying numpy/f2py/info.py -> build/lib.linux-x86_64-3.3/numpy/f2py
  creating build/lib.linux-x86_64-3.3/numpy/fft
  copying numpy/fft/fftpack.py -> build/lib.linux-x86_64-3.3/numpy/fft
  copying numpy/fft/helper.py -> build/lib.linux-x86_64-3.3/numpy/fft
  copying numpy/fft/__init__.py -> build/lib.linux-x86_64-3.3/numpy/fft
  copying numpy/fft/setup.py -> build/lib.linux-x86_64-3.3/numpy/fft
  copying numpy/fft/info.py -> build/lib.linux-x86_64-3.3/numpy/fft
  creating build/lib.linux-x86_64-3.3/numpy/lib
  copying numpy/lib/format.py -> build/lib.linux-x86_64-3.3/numpy/lib
  copying numpy/lib/_version.py -> build/lib.linux-x86_64-3.3/numpy/lib
  copying numpy/lib/ufunclike.py -> build/lib.linux-x86_64-3.3/numpy/lib
  copying numpy/lib/arrayterator.py -> build/lib.linux-x86_64-3.3/numpy/lib
  copying numpy/lib/nanfunctions.py -> build/lib.linux-x86_64-3.3/numpy/lib
  copying numpy/lib/scimath.py -> build/lib.linux-x86_64-3.3/numpy/lib
  copying numpy/lib/__init__.py -> build/lib.linux-x86_64-3.3/numpy/lib
  copying numpy/lib/type_check.py -> build/lib.linux-x86_64-3.3/numpy/lib
  copying numpy/lib/function_base.py -> build/lib.linux-x86_64-3.3/numpy/lib
  copying numpy/lib/polynomial.py -> build/lib.linux-x86_64-3.3/numpy/lib
  copying numpy/lib/_iotools.py -> build/lib.linux-x86_64-3.3/numpy/lib
  copying numpy/lib/npyio.py -> build/lib.linux-x86_64-3.3/numpy/lib
  copying numpy/lib/_datasource.py -> build/lib.linux-x86_64-3.3/numpy/lib
  copying numpy/lib/shape_base.py -> build/lib.linux-x86_64-3.3/numpy/lib
  copying numpy/lib/setup.py -> build/lib.linux-x86_64-3.3/numpy/lib
  copying numpy/lib/utils.py -> build/lib.linux-x86_64-3.3/numpy/lib
  copying numpy/lib/user_array.py -> build/lib.linux-x86_64-3.3/numpy/lib
  copying numpy/lib/twodim_base.py -> build/lib.linux-x86_64-3.3/numpy/lib
  copying numpy/lib/arraysetops.py -> build/lib.linux-x86_64-3.3/numpy/lib
  copying numpy/lib/recfunctions.py -> build/lib.linux-x86_64-3.3/numpy/lib
  copying numpy/lib/stride_tricks.py -> build/lib.linux-x86_64-3.3/numpy/lib
  copying numpy/lib/financial.py -> build/lib.linux-x86_64-3.3/numpy/lib
  copying numpy/lib/arraypad.py -> build/lib.linux-x86_64-3.3/numpy/lib
  copying numpy/lib/index_tricks.py -> build/lib.linux-x86_64-3.3/numpy/lib
  copying numpy/lib/info.py -> build/lib.linux-x86_64-3.3/numpy/lib
  creating build/lib.linux-x86_64-3.3/numpy/linalg
  copying numpy/linalg/__init__.py -> build/lib.linux-x86_64-3.3/numpy/linalg
  copying numpy/linalg/setup.py -> build/lib.linux-x86_64-3.3/numpy/linalg
  copying numpy/linalg/linalg.py -> build/lib.linux-x86_64-3.3/numpy/linalg
  copying numpy/linalg/info.py -> build/lib.linux-x86_64-3.3/numpy/linalg
  creating build/lib.linux-x86_64-3.3/numpy/ma
  copying numpy/ma/testutils.py -> build/lib.linux-x86_64-3.3/numpy/ma
  copying numpy/ma/mrecords.py -> build/lib.linux-x86_64-3.3/numpy/ma
  copying numpy/ma/bench.py -> build/lib.linux-x86_64-3.3/numpy/ma
  copying numpy/ma/extras.py -> build/lib.linux-x86_64-3.3/numpy/ma
  copying numpy/ma/__init__.py -> build/lib.linux-x86_64-3.3/numpy/ma
  copying numpy/ma/setup.py -> build/lib.linux-x86_64-3.3/numpy/ma
  copying numpy/ma/version.py -> build/lib.linux-x86_64-3.3/numpy/ma
  copying numpy/ma/core.py -> build/lib.linux-x86_64-3.3/numpy/ma
  copying numpy/ma/timer_comparison.py -> build/lib.linux-x86_64-3.3/numpy/ma
  creating build/lib.linux-x86_64-3.3/numpy/matrixlib
  copying numpy/matrixlib/__init__.py -> build/lib.linux-x86_64-3.3/numpy/matrixlib
  copying numpy/matrixlib/setup.py -> build/lib.linux-x86_64-3.3/numpy/matrixlib
  copying numpy/matrixlib/defmatrix.py -> build/lib.linux-x86_64-3.3/numpy/matrixlib
  creating build/lib.linux-x86_64-3.3/numpy/polynomial
  copying numpy/polynomial/chebyshev.py -> build/lib.linux-x86_64-3.3/numpy/polynomial
  copying numpy/polynomial/__init__.py -> build/lib.linux-x86_64-3.3/numpy/polynomial
  copying numpy/polynomial/polynomial.py -> build/lib.linux-x86_64-3.3/numpy/polynomial
  copying numpy/polynomial/polyutils.py -> build/lib.linux-x86_64-3.3/numpy/polynomial
  copying numpy/polynomial/_polybase.py -> build/lib.linux-x86_64-3.3/numpy/polynomial
  copying numpy/polynomial/setup.py -> build/lib.linux-x86_64-3.3/numpy/polynomial
  copying numpy/polynomial/hermite_e.py -> build/lib.linux-x86_64-3.3/numpy/polynomial
  copying numpy/polynomial/legendre.py -> build/lib.linux-x86_64-3.3/numpy/polynomial
  copying numpy/polynomial/laguerre.py -> build/lib.linux-x86_64-3.3/numpy/polynomial
  copying numpy/polynomial/hermite.py -> build/lib.linux-x86_64-3.3/numpy/polynomial
  creating build/lib.linux-x86_64-3.3/numpy/random
  copying numpy/random/__init__.py -> build/lib.linux-x86_64-3.3/numpy/random
  copying numpy/random/setup.py -> build/lib.linux-x86_64-3.3/numpy/random
  copying numpy/random/info.py -> build/lib.linux-x86_64-3.3/numpy/random
  creating build/lib.linux-x86_64-3.3/numpy/testing
  copying numpy/testing/print_coercion_tables.py -> build/lib.linux-x86_64-3.3/numpy/testing
  copying numpy/testing/__init__.py -> build/lib.linux-x86_64-3.3/numpy/testing
  copying numpy/testing/decorators.py -> build/lib.linux-x86_64-3.3/numpy/testing
  copying numpy/testing/setup.py -> build/lib.linux-x86_64-3.3/numpy/testing
  copying numpy/testing/utils.py -> build/lib.linux-x86_64-3.3/numpy/testing
  copying numpy/testing/noseclasses.py -> build/lib.linux-x86_64-3.3/numpy/testing
  copying numpy/testing/nosetester.py -> build/lib.linux-x86_64-3.3/numpy/testing
  running build_clib
  customize UnixCCompiler
  customize UnixCCompiler using build_clib
  building 'npymath' library
  compiling C sources
  C compiler: gcc -pthread -DNDEBUG -g -fwrapv -O3 -Wall -Wstrict-prototypes -fPIC
  
  creating build/temp.linux-x86_64-3.3
  creating build/temp.linux-x86_64-3.3/build
  creating build/temp.linux-x86_64-3.3/build/src.linux-x86_64-3.3
  creating build/temp.linux-x86_64-3.3/build/src.linux-x86_64-3.3/numpy
  creating build/temp.linux-x86_64-3.3/build/src.linux-x86_64-3.3/numpy/core
  creating build/temp.linux-x86_64-3.3/build/src.linux-x86_64-3.3/numpy/core/src
  creating build/temp.linux-x86_64-3.3/build/src.linux-x86_64-3.3/numpy/core/src/npymath
  creating build/temp.linux-x86_64-3.3/numpy
  creating build/temp.linux-x86_64-3.3/numpy/core
  creating build/temp.linux-x86_64-3.3/numpy/core/src
  creating build/temp.linux-x86_64-3.3/numpy/core/src/npymath
  compile options: '-Inumpy/core/include -Ibuild/src.linux-x86_64-3.3/numpy/core/include/numpy -Inumpy/core/src/private -Inumpy/core/src -Inumpy/core -Inumpy/core/src/npymath -Inumpy/core/src/multiarray -Inumpy/core/src/umath -Inumpy/core/src/npysort -I/opt/python/include/python3.3m -Ibuild/src.linux-x86_64-3.3/numpy/core/src/private -Ibuild/src.linux-x86_64-3.3/numpy/core/src/private -Ibuild/src.linux-x86_64-3.3/numpy/core/src/private -c'
  gcc: numpy/core/src/npymath/halffloat.c
  gcc: build/src.linux-x86_64-3.3/numpy/core/src/npymath/npy_math_complex.c
  numpy/core/src/npymath/npy_math_complex.c.src: In function ‘npy_cacosf’:
  numpy/core/src/npymath/npy_math_complex.c.src:1325: warning: unused variable ‘junk’
  numpy/core/src/npymath/npy_math_complex.c.src: In function ‘npy_casinhf’:
  numpy/core/src/npymath/npy_math_complex.c.src:1482: warning: unused variable ‘junk’
  numpy/core/src/npymath/npy_math_complex.c.src:1433: warning: unused variable ‘pio2_hi’
  numpy/core/src/npymath/npy_math_complex.c.src:1422: warning: unused variable ‘pio2_lo’
  numpy/core/src/npymath/npy_math_complex.c.src: In function ‘npy_catanhf’:
  numpy/core/src/npymath/npy_math_complex.c.src:1716: warning: unused variable ‘junk’
  numpy/core/src/npymath/npy_math_complex.c.src: In function ‘npy_cacos’:
  numpy/core/src/npymath/npy_math_complex.c.src:1325: warning: unused variable ‘junk’
  numpy/core/src/npymath/npy_math_complex.c.src: In function ‘npy_casinh’:
  numpy/core/src/npymath/npy_math_complex.c.src:1482: warning: unused variable ‘junk’
  numpy/core/src/npymath/npy_math_complex.c.src:1433: warning: unused variable ‘pio2_hi’
  numpy/core/src/npymath/npy_math_complex.c.src:1426: warning: unused variable ‘pio2_lo’
  numpy/core/src/npymath/npy_math_complex.c.src: In function ‘npy_catanh’:
  numpy/core/src/npymath/npy_math_complex.c.src:1716: warning: unused variable ‘junk’
  numpy/core/src/npymath/npy_math_complex.c.src: In function ‘npy_cacosl’:
  numpy/core/src/npymath/npy_math_complex.c.src:1325: warning: unused variable ‘junk’
  numpy/core/src/npymath/npy_math_complex.c.src: In function ‘npy_casinhl’:
  numpy/core/src/npymath/npy_math_complex.c.src:1482: warning: unused variable ‘junk’
  numpy/core/src/npymath/npy_math_complex.c.src:1433: warning: unused variable ‘pio2_hi’
  numpy/core/src/npymath/npy_math_complex.c.src:1430: warning: unused variable ‘pio2_lo’
  numpy/core/src/npymath/npy_math_complex.c.src: In function ‘npy_catanhl’:
  numpy/core/src/npymath/npy_math_complex.c.src:1716: warning: unused variable ‘junk’
  gcc: build/src.linux-x86_64-3.3/numpy/core/src/npymath/ieee754.c
  gcc: build/src.linux-x86_64-3.3/numpy/core/src/npymath/npy_math.c
  ar: adding 4 object files to build/temp.linux-x86_64-3.3/libnpymath.a
  building 'npysort' library
  compiling C sources
  C compiler: gcc -pthread -DNDEBUG -g -fwrapv -O3 -Wall -Wstrict-prototypes -fPIC
  
  creating build/temp.linux-x86_64-3.3/build/src.linux-x86_64-3.3/numpy/core/src/npysort
  compile options: '-Ibuild/src.linux-x86_64-3.3/numpy/core/src/private -Inumpy/core/include -Ibuild/src.linux-x86_64-3.3/numpy/core/include/numpy -Inumpy/core/src/private -Inumpy/core/src -Inumpy/core -Inumpy/core/src/npymath -Inumpy/core/src/multiarray -Inumpy/core/src/umath -Inumpy/core/src/npysort -I/opt/python/include/python3.3m -Ibuild/src.linux-x86_64-3.3/numpy/core/src/private -Ibuild/src.linux-x86_64-3.3/numpy/core/src/private -Ibuild/src.linux-x86_64-3.3/numpy/core/src/private -c'
  gcc: build/src.linux-x86_64-3.3/numpy/core/src/npysort/binsearch.c
  gcc: build/src.linux-x86_64-3.3/numpy/core/src/npysort/heapsort.c
  gcc: build/src.linux-x86_64-3.3/numpy/core/src/npysort/selection.c
  gcc: build/src.linux-x86_64-3.3/numpy/core/src/npysort/quicksort.c
  gcc: build/src.linux-x86_64-3.3/numpy/core/src/npysort/mergesort.c
  ar: adding 5 object files to build/temp.linux-x86_64-3.3/libnpysort.a
  running build_ext
  customize UnixCCompiler
  customize UnixCCompiler using build_ext
  building 'numpy.core._dummy' extension
  compiling C sources
  C compiler: gcc -pthread -DNDEBUG -g -fwrapv -O3 -Wall -Wstrict-prototypes -fPIC
  
  compile options: '-DHAVE_NPY_CONFIG_H=1 -D_FILE_OFFSET_BITS=64 -D_LARGEFILE_SOURCE=1 -D_LARGEFILE64_SOURCE=1 -Inumpy/core/include -Ibuild/src.linux-x86_64-3.3/numpy/core/include/numpy -Inumpy/core/src/private -Inumpy/core/src -Inumpy/core -Inumpy/core/src/npymath -Inumpy/core/src/multiarray -Inumpy/core/src/umath -Inumpy/core/src/npysort -I/opt/python/include/python3.3m -Ibuild/src.linux-x86_64-3.3/numpy/core/src/private -Ibuild/src.linux-x86_64-3.3/numpy/core/src/private -Ibuild/src.linux-x86_64-3.3/numpy/core/src/private -c'
  gcc: numpy/core/src/dummymodule.c
  gcc -pthread -shared build/temp.linux-x86_64-3.3/numpy/core/src/dummymodule.o -L. -Lbuild/temp.linux-x86_64-3.3 -lm -lpython3.3m -o build/lib.linux-x86_64-3.3/numpy/core/_dummy.cpython-33m.so
  /usr/bin/ld: cannot find -lpython3.3m
  collect2: ld returned 1 exit status
  /usr/bin/ld: cannot find -lpython3.3m
  collect2: ld returned 1 exit status
  error: Command "gcc -pthread -shared build/temp.linux-x86_64-3.3/numpy/core/src/dummymodule.o -L. -Lbuild/temp.linux-x86_64-3.3 -lm -lpython3.3m -o build/lib.linux-x86_64-3.3/numpy/core/_dummy.cpython-33m.so" failed with exit status 1
  
  ----------------------------------------
  Failed building wheel for numpy
  Running setup.py clean for numpy
  Complete output from command /usr/local/bin/python3.3 -u -c "import setuptools, tokenize;__file__='/tmp/pip-build-f_v1sx/numpy/setup.py';exec(compile(getattr(tokenize, 'open', open)(__file__).read().replace('\r\n', '\n'), __file__, 'exec'))" clean --all:
  Running from numpy source directory.
  
  `setup.py clean` is not supported, use one of the following instead:
  
    - `git clean -xdf` (cleans all files)
    - `git clean -Xdf` (cleans all versioned files, doesn't touch
                        files that aren't checked into the git repo)
  
  Add `--force` to your command to use it anyway if you must (unsupported).
  
  
  ----------------------------------------
  Failed cleaning build dir for numpy
Failed to build numpy
Installing collected packages: numpy
  Running setup.py install for numpy ... error
    Complete output from command /usr/local/bin/python3.3 -u -c "import setuptools, tokenize;__file__='/tmp/pip-build-f_v1sx/numpy/setup.py';exec(compile(getattr(tokenize, 'open', open)(__file__).read().replace('\r\n', '\n'), __file__, 'exec'))" install --record /tmp/pip-9glff5-record/install-record.txt --single-version-externally-managed --compile --user --prefix=:
    Running from numpy source directory.
    
    Note: if you need reliable uninstall behavior, then install
    with pip instead of using `setup.py install`:
    
      - `pip install .`       (from a git repo or downloaded source
                               release)
      - `pip install numpy`   (last Numpy release on PyPi)
    
    
    blas_opt_info:
    blas_mkl_info:
      libraries mkl,vml,guide not found in ['/opt/python/lib', '/usr/local/lib64', '/usr/local/lib', '/usr/lib64', '/usr/lib']
      NOT AVAILABLE
    
    openblas_info:
      libraries openblas not found in ['/opt/python/lib', '/usr/local/lib64', '/usr/local/lib', '/usr/lib64', '/usr/lib']
      NOT AVAILABLE
    
    atlas_3_10_blas_threads_info:
    Setting PTATLAS=ATLAS
      libraries tatlas not found in ['/opt/python/lib', '/usr/local/lib64', '/usr/local/lib', '/usr/lib64/sse2', '/usr/lib64', '/usr/lib']
      NOT AVAILABLE
    
    atlas_3_10_blas_info:
      libraries satlas not found in ['/opt/python/lib', '/usr/local/lib64', '/usr/local/lib', '/usr/lib64/sse2', '/usr/lib64', '/usr/lib']
      NOT AVAILABLE
    
    atlas_blas_threads_info:
    Setting PTATLAS=ATLAS
      libraries ptf77blas,ptcblas,atlas not found in ['/opt/python/lib', '/usr/local/lib64', '/usr/local/lib', '/usr/lib64/sse2', '/usr/lib64', '/usr/lib']
      NOT AVAILABLE
    
    atlas_blas_info:
      libraries f77blas,cblas,atlas not found in ['/opt/python/lib', '/usr/local/lib64', '/usr/local/lib', '/usr/lib64/sse2', '/usr/lib64', '/usr/lib']
      NOT AVAILABLE
    
    /tmp/pip-build-f_v1sx/numpy/numpy/distutils/system_info.py:1646: UserWarning:
        Atlas (http://math-atlas.sourceforge.net/) libraries not found.
        Directories to search for the libraries can be specified in the
        numpy/distutils/site.cfg file (section [atlas]) or by setting
        the ATLAS environment variable.
      warnings.warn(AtlasNotFoundError.__doc__)
    blas_info:
      libraries blas not found in ['/opt/python/lib', '/usr/local/lib64', '/usr/local/lib', '/usr/lib64', '/usr/lib']
      NOT AVAILABLE
    
    /tmp/pip-build-f_v1sx/numpy/numpy/distutils/system_info.py:1655: UserWarning:
        Blas (http://www.netlib.org/blas/) libraries not found.
        Directories to search for the libraries can be specified in the
        numpy/distutils/site.cfg file (section [blas]) or by setting
        the BLAS environment variable.
      warnings.warn(BlasNotFoundError.__doc__)
    blas_src_info:
      NOT AVAILABLE
    
    /tmp/pip-build-f_v1sx/numpy/numpy/distutils/system_info.py:1658: UserWarning:
        Blas (http://www.netlib.org/blas/) sources not found.
        Directories to search for the sources can be specified in the
        numpy/distutils/site.cfg file (section [blas_src]) or by setting
        the BLAS_SRC environment variable.
      warnings.warn(BlasSrcNotFoundError.__doc__)
      NOT AVAILABLE
    
    /bin/sh: svnversion: command not found
    non-existing path in 'numpy/distutils': 'site.cfg'
    /bin/sh: svnversion: command not found
    F2PY Version 2
    lapack_opt_info:
    openblas_lapack_info:
      libraries openblas not found in ['/opt/python/lib', '/usr/local/lib64', '/usr/local/lib', '/usr/lib64', '/usr/lib']
      NOT AVAILABLE
    
    lapack_mkl_info:
    mkl_info:
      libraries mkl,vml,guide not found in ['/opt/python/lib', '/usr/local/lib64', '/usr/local/lib', '/usr/lib64', '/usr/lib']
      NOT AVAILABLE
    
      NOT AVAILABLE
    
    atlas_3_10_threads_info:
    Setting PTATLAS=ATLAS
      libraries tatlas,tatlas not found in /opt/python/lib
      libraries lapack_atlas not found in /opt/python/lib
      libraries tatlas,tatlas not found in /usr/local/lib64
      libraries lapack_atlas not found in /usr/local/lib64
      libraries tatlas,tatlas not found in /usr/local/lib
      libraries lapack_atlas not found in /usr/local/lib
      libraries tatlas,tatlas not found in /usr/lib64/sse2
      libraries lapack_atlas not found in /usr/lib64/sse2
      libraries tatlas,tatlas not found in /usr/lib64
      libraries lapack_atlas not found in /usr/lib64
      libraries tatlas,tatlas not found in /usr/lib
      libraries lapack_atlas not found in /usr/lib
    <class 'numpy.distutils.system_info.atlas_3_10_threads_info'>
      NOT AVAILABLE
    
    atlas_3_10_info:
      libraries satlas,satlas not found in /opt/python/lib
      libraries lapack_atlas not found in /opt/python/lib
      libraries satlas,satlas not found in /usr/local/lib64
      libraries lapack_atlas not found in /usr/local/lib64
      libraries satlas,satlas not found in /usr/local/lib
      libraries lapack_atlas not found in /usr/local/lib
      libraries satlas,satlas not found in /usr/lib64/sse2
      libraries lapack_atlas not found in /usr/lib64/sse2
      libraries satlas,satlas not found in /usr/lib64
      libraries lapack_atlas not found in /usr/lib64
      libraries satlas,satlas not found in /usr/lib
      libraries lapack_atlas not found in /usr/lib
    <class 'numpy.distutils.system_info.atlas_3_10_info'>
      NOT AVAILABLE
    
    atlas_threads_info:
    Setting PTATLAS=ATLAS
      libraries ptf77blas,ptcblas,atlas not found in /opt/python/lib
      libraries lapack_atlas not found in /opt/python/lib
      libraries ptf77blas,ptcblas,atlas not found in /usr/local/lib64
      libraries lapack_atlas not found in /usr/local/lib64
      libraries ptf77blas,ptcblas,atlas not found in /usr/local/lib
      libraries lapack_atlas not found in /usr/local/lib
      libraries ptf77blas,ptcblas,atlas not found in /usr/lib64/sse2
      libraries lapack_atlas not found in /usr/lib64/sse2
      libraries ptf77blas,ptcblas,atlas not found in /usr/lib64
      libraries lapack_atlas not found in /usr/lib64
      libraries ptf77blas,ptcblas,atlas not found in /usr/lib
      libraries lapack_atlas not found in /usr/lib
    <class 'numpy.distutils.system_info.atlas_threads_info'>
      NOT AVAILABLE
    
    atlas_info:
      libraries f77blas,cblas,atlas not found in /opt/python/lib
      libraries lapack_atlas not found in /opt/python/lib
      libraries f77blas,cblas,atlas not found in /usr/local/lib64
      libraries lapack_atlas not found in /usr/local/lib64
      libraries f77blas,cblas,atlas not found in /usr/local/lib
      libraries lapack_atlas not found in /usr/local/lib
      libraries f77blas,cblas,atlas not found in /usr/lib64/sse2
      libraries lapack_atlas not found in /usr/lib64/sse2
      libraries f77blas,cblas,atlas not found in /usr/lib64
      libraries lapack_atlas not found in /usr/lib64
      libraries f77blas,cblas,atlas not found in /usr/lib
      libraries lapack_atlas not found in /usr/lib
    <class 'numpy.distutils.system_info.atlas_info'>
      NOT AVAILABLE
    
    /tmp/pip-build-f_v1sx/numpy/numpy/distutils/system_info.py:1548: UserWarning:
        Atlas (http://math-atlas.sourceforge.net/) libraries not found.
        Directories to search for the libraries can be specified in the
        numpy/distutils/site.cfg file (section [atlas]) or by setting
        the ATLAS environment variable.
      warnings.warn(AtlasNotFoundError.__doc__)
    lapack_info:
      libraries lapack not found in ['/opt/python/lib', '/usr/local/lib64', '/usr/local/lib', '/usr/lib64', '/usr/lib']
      NOT AVAILABLE
    
    /tmp/pip-build-f_v1sx/numpy/numpy/distutils/system_info.py:1559: UserWarning:
        Lapack (http://www.netlib.org/lapack/) libraries not found.
        Directories to search for the libraries can be specified in the
        numpy/distutils/site.cfg file (section [lapack]) or by setting
        the LAPACK environment variable.
      warnings.warn(LapackNotFoundError.__doc__)
    lapack_src_info:
      NOT AVAILABLE
    
    /tmp/pip-build-f_v1sx/numpy/numpy/distutils/system_info.py:1562: UserWarning:
        Lapack (http://www.netlib.org/lapack/) sources not found.
        Directories to search for the sources can be specified in the
        numpy/distutils/site.cfg file (section [lapack_src]) or by setting
        the LAPACK_SRC environment variable.
      warnings.warn(LapackSrcNotFoundError.__doc__)
      NOT AVAILABLE
    
    /opt/python/lib/python3.3/distutils/dist.py:258: UserWarning: Unknown distribution option: 'define_macros'
      warnings.warn(msg)
    running install
    running build
    running config_cc
    unifing config_cc, config, build_clib, build_ext, build commands --compiler options
    running config_fc
    unifing config_fc, config, build_clib, build_ext, build commands --fcompiler options
    running build_src
    build_src
    building py_modules sources
    building library "npymath" sources
    customize Gnu95FCompiler
    Found executable /usr/bin/gfortran
    customize Gnu95FCompiler
    customize Gnu95FCompiler using config
    C compiler: gcc -pthread -DNDEBUG -g -fwrapv -O3 -Wall -Wstrict-prototypes -fPIC
    
    compile options: '-Inumpy/core/src/private -Inumpy/core/src -Inumpy/core -Inumpy/core/src/npymath -Inumpy/core/src/multiarray -Inumpy/core/src/umath -Inumpy/core/src/npysort -I/opt/python/include/python3.3m -c'
    gcc: _configtest.c
    gcc -pthread _configtest.o -o _configtest
    success!
    removing: _configtest.c _configtest.o _configtest
    C compiler: gcc -pthread -DNDEBUG -g -fwrapv -O3 -Wall -Wstrict-prototypes -fPIC
    
    compile options: '-Inumpy/core/src/private -Inumpy/core/src -Inumpy/core -Inumpy/core/src/npymath -Inumpy/core/src/multiarray -Inumpy/core/src/umath -Inumpy/core/src/npysort -I/opt/python/include/python3.3m -c'
    gcc: _configtest.c
    _configtest.c:1: warning: conflicting types for built-in function ‘exp’
    gcc -pthread _configtest.o -o _configtest
    _configtest.o: In function `main':
    /tmp/pip-build-f_v1sx/numpy/_configtest.c:6: undefined reference to `exp'
    collect2: ld returned 1 exit status
    _configtest.o: In function `main':
    /tmp/pip-build-f_v1sx/numpy/_configtest.c:6: undefined reference to `exp'
    collect2: ld returned 1 exit status
    failure.
    removing: _configtest.c _configtest.o
    C compiler: gcc -pthread -DNDEBUG -g -fwrapv -O3 -Wall -Wstrict-prototypes -fPIC
    
    compile options: '-Inumpy/core/src/private -Inumpy/core/src -Inumpy/core -Inumpy/core/src/npymath -Inumpy/core/src/multiarray -Inumpy/core/src/umath -Inumpy/core/src/npysort -I/opt/python/include/python3.3m -c'
    gcc: _configtest.c
    _configtest.c:1: warning: conflicting types for built-in function ‘exp’
    gcc -pthread _configtest.o -lm -o _configtest
    success!
    removing: _configtest.c _configtest.o _configtest
    building library "npysort" sources
      adding 'build/src.linux-x86_64-3.3/numpy/core/src/private' to include_dirs.
    None - nothing done with h_files = ['build/src.linux-x86_64-3.3/numpy/core/src/private/npy_partition.h', 'build/src.linux-x86_64-3.3/numpy/core/src/private/npy_binsearch.h']
    building extension "numpy.core._dummy" sources
      adding 'build/src.linux-x86_64-3.3/numpy/core/include/numpy/config.h' to sources.
      adding 'build/src.linux-x86_64-3.3/numpy/core/include/numpy/_numpyconfig.h' to sources.
    executing numpy/core/code_generators/generate_numpy_api.py
      adding 'build/src.linux-x86_64-3.3/numpy/core/include/numpy/__multiarray_api.h' to sources.
    numpy.core - nothing done with h_files = ['build/src.linux-x86_64-3.3/numpy/core/include/numpy/config.h', 'build/src.linux-x86_64-3.3/numpy/core/include/numpy/_numpyconfig.h', 'build/src.linux-x86_64-3.3/numpy/core/include/numpy/__multiarray_api.h']
    building extension "numpy.core.multiarray" sources
      adding 'build/src.linux-x86_64-3.3/numpy/core/include/numpy/config.h' to sources.
      adding 'build/src.linux-x86_64-3.3/numpy/core/include/numpy/_numpyconfig.h' to sources.
    executing numpy/core/code_generators/generate_numpy_api.py
      adding 'build/src.linux-x86_64-3.3/numpy/core/include/numpy/__multiarray_api.h' to sources.
      adding 'build/src.linux-x86_64-3.3/numpy/core/src/private' to include_dirs.
    numpy.core - nothing done with h_files = ['build/src.linux-x86_64-3.3/numpy/core/src/private/templ_common.h', 'build/src.linux-x86_64-3.3/numpy/core/include/numpy/config.h', 'build/src.linux-x86_64-3.3/numpy/core/include/numpy/_numpyconfig.h', 'build/src.linux-x86_64-3.3/numpy/core/include/numpy/__multiarray_api.h']
    building extension "numpy.core.umath" sources
      adding 'build/src.linux-x86_64-3.3/numpy/core/include/numpy/config.h' to sources.
      adding 'build/src.linux-x86_64-3.3/numpy/core/include/numpy/_numpyconfig.h' to sources.
    executing numpy/core/code_generators/generate_ufunc_api.py
      adding 'build/src.linux-x86_64-3.3/numpy/core/include/numpy/__ufunc_api.h' to sources.
      adding 'build/src.linux-x86_64-3.3/numpy/core/src/umath' to include_dirs.
    numpy.core - nothing done with h_files = ['build/src.linux-x86_64-3.3/numpy/core/src/umath/funcs.inc', 'build/src.linux-x86_64-3.3/numpy/core/src/umath/simd.inc', 'build/src.linux-x86_64-3.3/numpy/core/src/umath/loops.h', 'build/src.linux-x86_64-3.3/numpy/core/include/numpy/config.h', 'build/src.linux-x86_64-3.3/numpy/core/include/numpy/_numpyconfig.h', 'build/src.linux-x86_64-3.3/numpy/core/include/numpy/__ufunc_api.h']
    building extension "numpy.core.umath_tests" sources
    building extension "numpy.core.test_rational" sources
    building extension "numpy.core.struct_ufunc_test" sources
    building extension "numpy.core.multiarray_tests" sources
    building extension "numpy.core.operand_flag_tests" sources
    building extension "numpy.fft.fftpack_lite" sources
    building extension "numpy.linalg.lapack_lite" sources
    ### Warning:  Using unoptimized lapack ###
      adding 'numpy/linalg/lapack_lite/python_xerbla.c' to sources.
      adding 'numpy/linalg/lapack_lite/zlapack_lite.c' to sources.
      adding 'numpy/linalg/lapack_lite/dlapack_lite.c' to sources.
      adding 'numpy/linalg/lapack_lite/blas_lite.c' to sources.
      adding 'numpy/linalg/lapack_lite/dlamch.c' to sources.
      adding 'numpy/linalg/lapack_lite/f2c_lite.c' to sources.
    building extension "numpy.linalg._umath_linalg" sources
    ### Warning:  Using unoptimized lapack ###
      adding 'numpy/linalg/lapack_lite/python_xerbla.c' to sources.
      adding 'numpy/linalg/lapack_lite/zlapack_lite.c' to sources.
      adding 'numpy/linalg/lapack_lite/dlapack_lite.c' to sources.
      adding 'numpy/linalg/lapack_lite/blas_lite.c' to sources.
      adding 'numpy/linalg/lapack_lite/dlamch.c' to sources.
      adding 'numpy/linalg/lapack_lite/f2c_lite.c' to sources.
    building extension "numpy.random.mtrand" sources
    building data_files sources
    build_src: building npy-pkg config files
    running build_py
    copying numpy/version.py -> build/lib.linux-x86_64-3.3/numpy
    copying build/src.linux-x86_64-3.3/numpy/__config__.py -> build/lib.linux-x86_64-3.3/numpy
    copying build/src.linux-x86_64-3.3/numpy/distutils/__config__.py -> build/lib.linux-x86_64-3.3/numpy/distutils
    running build_clib
    customize UnixCCompiler
    customize UnixCCompiler using build_clib
    running build_ext
    customize UnixCCompiler
    customize UnixCCompiler using build_ext
    building 'numpy.core._dummy' extension
    compiling C sources
    C compiler: gcc -pthread -DNDEBUG -g -fwrapv -O3 -Wall -Wstrict-prototypes -fPIC
    
    compile options: '-DHAVE_NPY_CONFIG_H=1 -D_FILE_OFFSET_BITS=64 -D_LARGEFILE_SOURCE=1 -D_LARGEFILE64_SOURCE=1 -Inumpy/core/include -Ibuild/src.linux-x86_64-3.3/numpy/core/include/numpy -Inumpy/core/src/private -Inumpy/core/src -Inumpy/core -Inumpy/core/src/npymath -Inumpy/core/src/multiarray -Inumpy/core/src/umath -Inumpy/core/src/npysort -I/opt/python/include/python3.3m -Ibuild/src.linux-x86_64-3.3/numpy/core/src/private -Ibuild/src.linux-x86_64-3.3/numpy/core/src/private -Ibuild/src.linux-x86_64-3.3/numpy/core/src/private -c'
    gcc: numpy/core/src/dummymodule.c
    gcc -pthread -shared build/temp.linux-x86_64-3.3/numpy/core/src/dummymodule.o -L. -Lbuild/temp.linux-x86_64-3.3 -lm -lpython3.3m -o build/lib.linux-x86_64-3.3/numpy/core/_dummy.cpython-33m.so
    /usr/bin/ld: cannot find -lpython3.3m
    collect2: ld returned 1 exit status
    /usr/bin/ld: cannot find -lpython3.3m
    collect2: ld returned 1 exit status
    error: Command "gcc -pthread -shared build/temp.linux-x86_64-3.3/numpy/core/src/dummymodule.o -L. -Lbuild/temp.linux-x86_64-3.3 -lm -lpython3.3m -o build/lib.linux-x86_64-3.3/numpy/core/_dummy.cpython-33m.so" failed with exit status 1
    
    ----------------------------------------
Command "/usr/local/bin/python3.3 -u -c "import setuptools, tokenize;__file__='/tmp/pip-build-f_v1sx/numpy/setup.py';exec(compile(getattr(tokenize, 'open', open)(__file__).read().replace('\r\n', '\n'), __file__, 'exec'))" install --record /tmp/pip-9glff5-record/install-record.txt --single-version-externally-managed --compile --user --prefix=" failed with error code 1 in /tmp/pip-build-f_v1sx/numpy/
[kyle@mocha python]$ 
